{
"C:\\Users\\charbel pc\\inf2990-13\\Curling\\client\\out\\classes\\player.js":{"path":"C:\\Users\\charbel pc\\inf2990-13\\Curling\\client\\out\\classes\\player.js","s":{"1":1},"b":{},"f":{},"fnMap":{},"statementMap":{"1":{"start":{"line":4,"column":0},"end":{"line":4,"column":24}}},"branchMap":{},"l":{"4":1}},
"C:\\Users\\charbel pc\\inf2990-13\\Curling\\client\\out\\broom\\broom.js":{"path":"C:\\Users\\charbel pc\\inf2990-13\\Curling\\client\\out\\broom\\broom.js","s":{"1":1,"2":1,"3":0,"4":0,"5":0,"6":0,"7":0,"8":0,"9":0,"10":0,"11":0,"12":0,"13":0,"14":0,"15":0,"16":0,"17":0,"18":0,"19":0,"20":0,"21":0,"22":0,"23":0,"24":0,"25":0,"26":0,"27":0,"28":0,"29":0,"30":0,"31":0,"32":1},"b":{"1":[0,0],"2":[0,0],"3":[0,0]},"f":{"1":0,"2":0,"3":0,"4":0,"5":0,"6":0,"7":0,"8":0,"9":0,"10":0},"fnMap":{"1":{"name":"(anonymous_1)","line":5,"loc":{"start":{"line":5,"column":15},"end":{"line":5,"column":18}}},"2":{"name":"(anonymous_2)","line":11,"loc":{"start":{"line":11,"column":11},"end":{"line":11,"column":14}}},"3":{"name":"(anonymous_3)","line":14,"loc":{"start":{"line":14,"column":11},"end":{"line":14,"column":18}}},"4":{"name":"(anonymous_4)","line":17,"loc":{"start":{"line":17,"column":17},"end":{"line":17,"column":20}}},"5":{"name":"(anonymous_5)","line":20,"loc":{"start":{"line":20,"column":17},"end":{"line":20,"column":25}}},"6":{"name":"(anonymous_6)","line":23,"loc":{"start":{"line":23,"column":24},"end":{"line":23,"column":27}}},"7":{"name":"(anonymous_7)","line":26,"loc":{"start":{"line":26,"column":24},"end":{"line":26,"column":31}}},"8":{"name":"(anonymous_8)","line":29,"loc":{"start":{"line":29,"column":21},"end":{"line":29,"column":24}}},"9":{"name":"(anonymous_9)","line":38,"loc":{"start":{"line":38,"column":20},"end":{"line":38,"column":23}}},"10":{"name":"(anonymous_10)","line":48,"loc":{"start":{"line":48,"column":30},"end":{"line":48,"column":47}}}},"statementMap":{"1":{"start":{"line":2,"column":0},"end":{"line":2,"column":26}},"2":{"start":{"line":3,"column":0},"end":{"line":3,"column":25}},"3":{"start":{"line":6,"column":8},"end":{"line":6,"column":29}},"4":{"start":{"line":7,"column":8},"end":{"line":7,"column":39}},"5":{"start":{"line":8,"column":8},"end":{"line":8,"column":40}},"6":{"start":{"line":9,"column":8},"end":{"line":9,"column":39}},"7":{"start":{"line":12,"column":8},"end":{"line":12,"column":25}},"8":{"start":{"line":15,"column":8},"end":{"line":15,"column":25}},"9":{"start":{"line":18,"column":8},"end":{"line":18,"column":31}},"10":{"start":{"line":21,"column":8},"end":{"line":21,"column":32}},"11":{"start":{"line":24,"column":8},"end":{"line":24,"column":38}},"12":{"start":{"line":27,"column":8},"end":{"line":27,"column":38}},"13":{"start":{"line":30,"column":8},"end":{"line":30,"column":91}},"14":{"start":{"line":30,"column":65},"end":{"line":30,"column":89}},"15":{"start":{"line":31,"column":8},"end":{"line":31,"column":45}},"16":{"start":{"line":32,"column":8},"end":{"line":32,"column":38}},"17":{"start":{"line":33,"column":8},"end":{"line":36,"column":9}},"18":{"start":{"line":34,"column":12},"end":{"line":34,"column":44}},"19":{"start":{"line":35,"column":12},"end":{"line":35,"column":51}},"20":{"start":{"line":39,"column":8},"end":{"line":39,"column":38}},"21":{"start":{"line":40,"column":8},"end":{"line":40,"column":90}},"22":{"start":{"line":40,"column":65},"end":{"line":40,"column":88}},"23":{"start":{"line":41,"column":8},"end":{"line":41,"column":45}},"24":{"start":{"line":42,"column":8},"end":{"line":42,"column":37}},"25":{"start":{"line":43,"column":8},"end":{"line":46,"column":9}},"26":{"start":{"line":44,"column":12},"end":{"line":44,"column":43}},"27":{"start":{"line":45,"column":12},"end":{"line":45,"column":51}},"28":{"start":{"line":49,"column":8},"end":{"line":49,"column":33}},"29":{"start":{"line":50,"column":8},"end":{"line":54,"column":9}},"30":{"start":{"line":51,"column":12},"end":{"line":53,"column":13}},"31":{"start":{"line":52,"column":16},"end":{"line":52,"column":76}},"32":{"start":{"line":57,"column":0},"end":{"line":57,"column":22}}},"branchMap":{"1":{"line":33,"type":"if","locations":[{"start":{"line":33,"column":8},"end":{"line":33,"column":8}},{"start":{"line":33,"column":8},"end":{"line":33,"column":8}}]},"2":{"line":43,"type":"if","locations":[{"start":{"line":43,"column":8},"end":{"line":43,"column":8}},{"start":{"line":43,"column":8},"end":{"line":43,"column":8}}]},"3":{"line":50,"type":"if","locations":[{"start":{"line":50,"column":8},"end":{"line":50,"column":8}},{"start":{"line":50,"column":8},"end":{"line":50,"column":8}}]}},"l":{"2":1,"3":1,"6":0,"7":0,"8":0,"9":0,"12":0,"15":0,"18":0,"21":0,"24":0,"27":0,"30":0,"31":0,"32":0,"33":0,"34":0,"35":0,"39":0,"40":0,"41":0,"42":0,"43":0,"44":0,"45":0,"49":0,"50":0,"51":0,"52":0,"57":1}},
"C:\\Users\\charbel pc\\inf2990-13\\Curling\\client\\out\\components\\app.component.js":{"path":"C:\\Users\\charbel pc\\inf2990-13\\Curling\\client\\out\\components\\app.component.js","s":{"1":1,"2":1,"3":1,"4":1,"5":0,"6":0,"7":0,"8":1,"9":1,"10":1,"11":1,"12":1,"13":1,"14":1,"15":4,"16":4,"17":4,"18":1,"19":1,"20":0,"21":2,"22":1,"23":1},"b":{"1":[1,1,1],"2":[1,0],"3":[0,0],"4":[1,0],"5":[1,1],"6":[0,0],"7":[0,0],"8":[0,0],"9":[0,0],"10":[1,0,0],"11":[1,1,1],"12":[1,0],"13":[1,1]},"f":{"1":1,"2":1,"3":4,"4":1,"5":2},"fnMap":{"1":{"name":"(anonymous_1)","line":2,"loc":{"start":{"line":2,"column":46},"end":{"line":2,"column":87}}},"2":{"name":"(anonymous_2)","line":8,"loc":{"start":{"line":8,"column":46},"end":{"line":8,"column":62}}},"3":{"name":"(anonymous_3)","line":14,"loc":{"start":{"line":14,"column":15},"end":{"line":14,"column":35}}},"4":{"name":"(anonymous_4)","line":19,"loc":{"start":{"line":19,"column":15},"end":{"line":19,"column":18}}},"5":{"name":"(anonymous_5)","line":28,"loc":{"start":{"line":28,"column":14},"end":{"line":28,"column":20}}}},"statementMap":{"1":{"start":{"line":2,"column":0},"end":{"line":7,"column":2}},"2":{"start":{"line":3,"column":4},"end":{"line":3,"column":129}},"3":{"start":{"line":4,"column":4},"end":{"line":5,"column":150}},"4":{"start":{"line":4,"column":79},"end":{"line":4,"column":131}},"5":{"start":{"line":5,"column":9},"end":{"line":5,"column":150}},"6":{"start":{"line":5,"column":58},"end":{"line":5,"column":150}},"7":{"start":{"line":5,"column":81},"end":{"line":5,"column":150}},"8":{"start":{"line":6,"column":4},"end":{"line":6,"column":66}},"9":{"start":{"line":8,"column":0},"end":{"line":10,"column":2}},"10":{"start":{"line":9,"column":4},"end":{"line":9,"column":109}},"11":{"start":{"line":9,"column":79},"end":{"line":9,"column":109}},"12":{"start":{"line":11,"column":0},"end":{"line":11,"column":40}},"13":{"start":{"line":12,"column":0},"end":{"line":12,"column":73}},"14":{"start":{"line":13,"column":0},"end":{"line":31,"column":2}},"15":{"start":{"line":15,"column":8},"end":{"line":15,"column":51}},"16":{"start":{"line":16,"column":8},"end":{"line":16,"column":38}},"17":{"start":{"line":17,"column":8},"end":{"line":17,"column":31}},"18":{"start":{"line":20,"column":8},"end":{"line":26,"column":11}},"19":{"start":{"line":22,"column":12},"end":{"line":22,"column":33}},"20":{"start":{"line":25,"column":12},"end":{"line":25,"column":32}},"21":{"start":{"line":29,"column":8},"end":{"line":29,"column":40}},"22":{"start":{"line":32,"column":0},"end":{"line":40,"column":17}},"23":{"start":{"line":41,"column":0},"end":{"line":41,"column":36}}},"branchMap":{"1":{"line":2,"type":"binary-expr","locations":[{"start":{"line":2,"column":18},"end":{"line":2,"column":22}},{"start":{"line":2,"column":26},"end":{"line":2,"column":41}},{"start":{"line":2,"column":46},"end":{"line":7,"column":1}}]},"2":{"line":3,"type":"cond-expr","locations":[{"start":{"line":3,"column":42},"end":{"line":3,"column":48}},{"start":{"line":3,"column":51},"end":{"line":3,"column":125}}]},"3":{"line":3,"type":"cond-expr","locations":[{"start":{"line":3,"column":67},"end":{"line":3,"column":118}},{"start":{"line":3,"column":121},"end":{"line":3,"column":125}}]},"4":{"line":4,"type":"if","locations":[{"start":{"line":4,"column":4},"end":{"line":4,"column":4}},{"start":{"line":4,"column":4},"end":{"line":4,"column":4}}]},"5":{"line":4,"type":"binary-expr","locations":[{"start":{"line":4,"column":8},"end":{"line":4,"column":35}},{"start":{"line":4,"column":39},"end":{"line":4,"column":77}}]},"6":{"line":5,"type":"if","locations":[{"start":{"line":5,"column":58},"end":{"line":5,"column":58}},{"start":{"line":5,"column":58},"end":{"line":5,"column":58}}]},"7":{"line":5,"type":"binary-expr","locations":[{"start":{"line":5,"column":86},"end":{"line":5,"column":143}},{"start":{"line":5,"column":148},"end":{"line":5,"column":149}}]},"8":{"line":5,"type":"cond-expr","locations":[{"start":{"line":5,"column":94},"end":{"line":5,"column":98}},{"start":{"line":5,"column":101},"end":{"line":5,"column":143}}]},"9":{"line":5,"type":"cond-expr","locations":[{"start":{"line":5,"column":109},"end":{"line":5,"column":126}},{"start":{"line":5,"column":129},"end":{"line":5,"column":143}}]},"10":{"line":6,"type":"binary-expr","locations":[{"start":{"line":6,"column":11},"end":{"line":6,"column":16}},{"start":{"line":6,"column":20},"end":{"line":6,"column":21}},{"start":{"line":6,"column":25},"end":{"line":6,"column":62}}]},"11":{"line":8,"type":"binary-expr","locations":[{"start":{"line":8,"column":18},"end":{"line":8,"column":22}},{"start":{"line":8,"column":26},"end":{"line":8,"column":41}},{"start":{"line":8,"column":46},"end":{"line":10,"column":1}}]},"12":{"line":9,"type":"if","locations":[{"start":{"line":9,"column":4},"end":{"line":9,"column":4}},{"start":{"line":9,"column":4},"end":{"line":9,"column":4}}]},"13":{"line":9,"type":"binary-expr","locations":[{"start":{"line":9,"column":8},"end":{"line":9,"column":35}},{"start":{"line":9,"column":39},"end":{"line":9,"column":77}}]}},"l":{"2":1,"3":1,"4":1,"5":0,"6":1,"8":1,"9":1,"11":1,"12":1,"13":1,"15":4,"16":4,"17":4,"20":1,"22":1,"25":0,"29":2,"32":1,"41":1}},
"C:\\Users\\charbel pc\\inf2990-13\\Curling\\client\\out\\components\\dashboard.component.js":{"path":"C:\\Users\\charbel pc\\inf2990-13\\Curling\\client\\out\\components\\dashboard.component.js","s":{"1":0,"2":0,"3":0,"4":0,"5":0,"6":0,"7":0,"8":0,"9":0,"10":0,"11":0,"12":0,"13":0},"b":{"1":[0,0,0],"2":[0,0],"3":[0,0],"4":[0,0],"5":[0,0],"6":[0,0],"7":[0,0],"8":[0,0],"9":[0,0],"10":[0,0,0]},"f":{"1":0,"2":0},"fnMap":{"1":{"name":"(anonymous_1)","line":2,"loc":{"start":{"line":2,"column":46},"end":{"line":2,"column":87}}},"2":{"name":"(anonymous_2)","line":10,"loc":{"start":{"line":10,"column":12},"end":{"line":10,"column":15}}}},"statementMap":{"1":{"start":{"line":2,"column":0},"end":{"line":7,"column":2}},"2":{"start":{"line":3,"column":4},"end":{"line":3,"column":129}},"3":{"start":{"line":4,"column":4},"end":{"line":5,"column":150}},"4":{"start":{"line":4,"column":79},"end":{"line":4,"column":131}},"5":{"start":{"line":5,"column":9},"end":{"line":5,"column":150}},"6":{"start":{"line":5,"column":58},"end":{"line":5,"column":150}},"7":{"start":{"line":5,"column":81},"end":{"line":5,"column":150}},"8":{"start":{"line":6,"column":4},"end":{"line":6,"column":66}},"9":{"start":{"line":8,"column":0},"end":{"line":8,"column":40}},"10":{"start":{"line":9,"column":0},"end":{"line":13,"column":2}},"11":{"start":{"line":11,"column":8},"end":{"line":11,"column":28}},"12":{"start":{"line":14,"column":0},"end":{"line":19,"column":23}},"13":{"start":{"line":20,"column":0},"end":{"line":20,"column":48}}},"branchMap":{"1":{"line":2,"type":"binary-expr","locations":[{"start":{"line":2,"column":18},"end":{"line":2,"column":22}},{"start":{"line":2,"column":26},"end":{"line":2,"column":41}},{"start":{"line":2,"column":46},"end":{"line":7,"column":1}}]},"2":{"line":3,"type":"cond-expr","locations":[{"start":{"line":3,"column":42},"end":{"line":3,"column":48}},{"start":{"line":3,"column":51},"end":{"line":3,"column":125}}]},"3":{"line":3,"type":"cond-expr","locations":[{"start":{"line":3,"column":67},"end":{"line":3,"column":118}},{"start":{"line":3,"column":121},"end":{"line":3,"column":125}}]},"4":{"line":4,"type":"if","locations":[{"start":{"line":4,"column":4},"end":{"line":4,"column":4}},{"start":{"line":4,"column":4},"end":{"line":4,"column":4}}]},"5":{"line":4,"type":"binary-expr","locations":[{"start":{"line":4,"column":8},"end":{"line":4,"column":35}},{"start":{"line":4,"column":39},"end":{"line":4,"column":77}}]},"6":{"line":5,"type":"if","locations":[{"start":{"line":5,"column":58},"end":{"line":5,"column":58}},{"start":{"line":5,"column":58},"end":{"line":5,"column":58}}]},"7":{"line":5,"type":"binary-expr","locations":[{"start":{"line":5,"column":86},"end":{"line":5,"column":143}},{"start":{"line":5,"column":148},"end":{"line":5,"column":149}}]},"8":{"line":5,"type":"cond-expr","locations":[{"start":{"line":5,"column":94},"end":{"line":5,"column":98}},{"start":{"line":5,"column":101},"end":{"line":5,"column":143}}]},"9":{"line":5,"type":"cond-expr","locations":[{"start":{"line":5,"column":109},"end":{"line":5,"column":126}},{"start":{"line":5,"column":129},"end":{"line":5,"column":143}}]},"10":{"line":6,"type":"binary-expr","locations":[{"start":{"line":6,"column":11},"end":{"line":6,"column":16}},{"start":{"line":6,"column":20},"end":{"line":6,"column":21}},{"start":{"line":6,"column":25},"end":{"line":6,"column":62}}]}},"l":{"2":0,"3":0,"4":0,"5":0,"6":0,"8":0,"9":0,"11":0,"14":0,"20":0}},
"C:\\Users\\charbel pc\\inf2990-13\\Curling\\client\\out\\components\\gl.component.js":{"path":"C:\\Users\\charbel pc\\inf2990-13\\Curling\\client\\out\\components\\gl.component.js","s":{"1":0,"2":0,"3":0,"4":0,"5":0,"6":0,"7":0,"8":0,"9":0,"10":0,"11":0,"12":0,"13":0,"14":0,"15":0,"16":0,"17":0,"18":0,"19":0,"20":0,"21":0,"22":0,"23":0,"24":0,"25":0,"26":0,"27":0,"28":0,"29":0,"30":0,"31":0,"32":0,"33":0,"34":0,"35":0,"36":0,"37":0,"38":0,"39":0,"40":0,"41":0,"42":0,"43":0,"44":0,"45":0,"46":0,"47":0,"48":0,"49":0,"50":0,"51":0,"52":0,"53":0,"54":0,"55":0,"56":0,"57":0,"58":0,"59":0,"60":0,"61":0,"62":0,"63":0,"64":0,"65":0,"66":0,"67":0,"68":0,"69":0,"70":0,"71":0,"72":0,"73":0,"74":0,"75":0,"76":0,"77":0,"78":0,"79":0,"80":0,"81":0,"82":0,"83":0,"84":0,"85":0,"86":0,"87":0,"88":0,"89":0,"90":0,"91":0,"92":0,"93":0,"94":0,"95":0,"96":0,"97":0,"98":0,"99":0,"100":0,"101":0,"102":0,"103":0,"104":0,"105":0,"106":0,"107":0,"108":0,"109":0,"110":0,"111":0,"112":0,"113":0,"114":0,"115":0,"116":0,"117":0,"118":0,"119":0,"120":0,"121":0,"122":0,"123":0,"124":0,"125":0,"126":0,"127":0,"128":0,"129":0,"130":0,"131":0},"b":{"1":[0,0,0],"2":[0,0],"3":[0,0],"4":[0,0],"5":[0,0],"6":[0,0],"7":[0,0],"8":[0,0],"9":[0,0],"10":[0,0,0],"11":[0,0,0],"12":[0,0],"13":[0,0],"14":[0,0],"15":[0,0,0],"16":[0,0],"17":[0,0],"18":[0,0],"19":[0,0],"20":[0,0,0],"21":[0,0],"22":[0,0],"23":[0,0],"24":[0,0,0],"25":[0,0],"26":[0,0,0,0],"27":[0,0],"28":[0,0],"29":[0,0],"30":[0,0],"31":[0,0],"32":[0,0],"33":[0,0],"34":[0,0],"35":[0,0],"36":[0,0]},"f":{"1":0,"2":0,"3":0,"4":0,"5":0,"6":0,"7":0,"8":0,"9":0,"10":0,"11":0,"12":0,"13":0,"14":0,"15":0,"16":0,"17":0,"18":0},"fnMap":{"1":{"name":"(anonymous_1)","line":2,"loc":{"start":{"line":2,"column":46},"end":{"line":2,"column":87}}},"2":{"name":"(anonymous_2)","line":8,"loc":{"start":{"line":8,"column":46},"end":{"line":8,"column":62}}},"3":{"name":"(anonymous_3)","line":23,"loc":{"start":{"line":23,"column":15},"end":{"line":23,"column":45}}},"4":{"name":"(anonymous_4)","line":46,"loc":{"start":{"line":46,"column":23},"end":{"line":46,"column":31}}},"5":{"name":"(anonymous_5)","line":63,"loc":{"start":{"line":63,"column":25},"end":{"line":63,"column":33}}},"6":{"name":"(anonymous_6)","line":75,"loc":{"start":{"line":75,"column":29},"end":{"line":75,"column":37}}},"7":{"name":"(anonymous_7)","line":84,"loc":{"start":{"line":84,"column":21},"end":{"line":84,"column":29}}},"8":{"name":"(anonymous_8)","line":89,"loc":{"start":{"line":89,"column":25},"end":{"line":89,"column":28}}},"9":{"name":"(anonymous_9)","line":109,"loc":{"start":{"line":109,"column":14},"end":{"line":109,"column":17}}},"10":{"name":"(anonymous_10)","line":137,"loc":{"start":{"line":137,"column":16},"end":{"line":137,"column":19}}},"11":{"name":"(anonymous_11)","line":141,"loc":{"start":{"line":141,"column":11},"end":{"line":141,"column":14}}},"12":{"name":"(anonymous_12)","line":147,"loc":{"start":{"line":147,"column":12},"end":{"line":147,"column":15}}},"13":{"name":"(anonymous_13)","line":153,"loc":{"start":{"line":153,"column":14},"end":{"line":153,"column":17}}},"14":{"name":"(anonymous_14)","line":161,"loc":{"start":{"line":161,"column":14},"end":{"line":161,"column":17}}},"15":{"name":"(anonymous_15)","line":169,"loc":{"start":{"line":169,"column":25},"end":{"line":169,"column":33}}},"16":{"name":"(anonymous_16)","line":173,"loc":{"start":{"line":173,"column":26},"end":{"line":173,"column":34}}},"17":{"name":"(anonymous_17)","line":177,"loc":{"start":{"line":177,"column":16},"end":{"line":177,"column":19}}},"18":{"name":"(anonymous_18)","line":189,"loc":{"start":{"line":189,"column":21},"end":{"line":189,"column":24}}}},"statementMap":{"1":{"start":{"line":2,"column":0},"end":{"line":7,"column":2}},"2":{"start":{"line":3,"column":4},"end":{"line":3,"column":129}},"3":{"start":{"line":4,"column":4},"end":{"line":5,"column":150}},"4":{"start":{"line":4,"column":79},"end":{"line":4,"column":131}},"5":{"start":{"line":5,"column":9},"end":{"line":5,"column":150}},"6":{"start":{"line":5,"column":58},"end":{"line":5,"column":150}},"7":{"start":{"line":5,"column":81},"end":{"line":5,"column":150}},"8":{"start":{"line":6,"column":4},"end":{"line":6,"column":66}},"9":{"start":{"line":8,"column":0},"end":{"line":10,"column":2}},"10":{"start":{"line":9,"column":4},"end":{"line":9,"column":109}},"11":{"start":{"line":9,"column":79},"end":{"line":9,"column":109}},"12":{"start":{"line":11,"column":0},"end":{"line":11,"column":40}},"13":{"start":{"line":12,"column":0},"end":{"line":12,"column":63}},"14":{"start":{"line":13,"column":0},"end":{"line":13,"column":61}},"15":{"start":{"line":14,"column":0},"end":{"line":14,"column":31}},"16":{"start":{"line":15,"column":0},"end":{"line":15,"column":32}},"17":{"start":{"line":16,"column":0},"end":{"line":16,"column":37}},"18":{"start":{"line":17,"column":0},"end":{"line":17,"column":30}},"19":{"start":{"line":18,"column":0},"end":{"line":18,"column":44}},"20":{"start":{"line":19,"column":0},"end":{"line":19,"column":47}},"21":{"start":{"line":20,"column":0},"end":{"line":20,"column":21}},"22":{"start":{"line":21,"column":0},"end":{"line":21,"column":87}},"23":{"start":{"line":22,"column":0},"end":{"line":194,"column":2}},"24":{"start":{"line":24,"column":8},"end":{"line":24,"column":43}},"25":{"start":{"line":25,"column":8},"end":{"line":25,"column":41}},"26":{"start":{"line":26,"column":8},"end":{"line":26,"column":33}},"27":{"start":{"line":27,"column":8},"end":{"line":27,"column":32}},"28":{"start":{"line":28,"column":8},"end":{"line":28,"column":29}},"29":{"start":{"line":29,"column":8},"end":{"line":29,"column":26}},"30":{"start":{"line":30,"column":8},"end":{"line":30,"column":23}},"31":{"start":{"line":31,"column":8},"end":{"line":31,"column":34}},"32":{"start":{"line":32,"column":8},"end":{"line":32,"column":31}},"33":{"start":{"line":33,"column":8},"end":{"line":33,"column":35}},"34":{"start":{"line":34,"column":8},"end":{"line":34,"column":33}},"35":{"start":{"line":35,"column":8},"end":{"line":35,"column":35}},"36":{"start":{"line":36,"column":8},"end":{"line":36,"column":35}},"37":{"start":{"line":37,"column":8},"end":{"line":37,"column":47}},"38":{"start":{"line":38,"column":8},"end":{"line":40,"column":9}},"39":{"start":{"line":39,"column":12},"end":{"line":39,"column":50}},"40":{"start":{"line":41,"column":8},"end":{"line":41,"column":30}},"41":{"start":{"line":42,"column":8},"end":{"line":42,"column":40}},"42":{"start":{"line":43,"column":8},"end":{"line":43,"column":51}},"43":{"start":{"line":44,"column":8},"end":{"line":44,"column":31}},"44":{"start":{"line":47,"column":8},"end":{"line":61,"column":9}},"45":{"start":{"line":48,"column":12},"end":{"line":48,"column":30}},"46":{"start":{"line":50,"column":13},"end":{"line":61,"column":9}},"47":{"start":{"line":51,"column":12},"end":{"line":56,"column":13}},"48":{"start":{"line":52,"column":16},"end":{"line":52,"column":32}},"49":{"start":{"line":55,"column":16},"end":{"line":55,"column":31}},"50":{"start":{"line":58,"column":13},"end":{"line":61,"column":9}},"51":{"start":{"line":59,"column":12},"end":{"line":59,"column":32}},"52":{"start":{"line":60,"column":12},"end":{"line":60,"column":32}},"53":{"start":{"line":64,"column":8},"end":{"line":67,"column":9}},"54":{"start":{"line":65,"column":12},"end":{"line":65,"column":36}},"55":{"start":{"line":66,"column":12},"end":{"line":66,"column":41}},"56":{"start":{"line":68,"column":8},"end":{"line":73,"column":9}},"57":{"start":{"line":70,"column":12},"end":{"line":70,"column":61}},"58":{"start":{"line":71,"column":12},"end":{"line":71,"column":55}},"59":{"start":{"line":72,"column":12},"end":{"line":72,"column":50}},"60":{"start":{"line":76,"column":8},"end":{"line":76,"column":33}},"61":{"start":{"line":77,"column":8},"end":{"line":82,"column":9}},"62":{"start":{"line":80,"column":12},"end":{"line":80,"column":62}},"63":{"start":{"line":81,"column":12},"end":{"line":81,"column":57}},"64":{"start":{"line":85,"column":8},"end":{"line":87,"column":9}},"65":{"start":{"line":86,"column":12},"end":{"line":86,"column":55}},"66":{"start":{"line":90,"column":8},"end":{"line":107,"column":9}},"67":{"start":{"line":91,"column":12},"end":{"line":106,"column":19}},"68":{"start":{"line":92,"column":16},"end":{"line":105,"column":17}},"69":{"start":{"line":93,"column":20},"end":{"line":93,"column":45}},"70":{"start":{"line":94,"column":20},"end":{"line":94,"column":49}},"71":{"start":{"line":95,"column":20},"end":{"line":95,"column":101}},"72":{"start":{"line":96,"column":20},"end":{"line":96,"column":100}},"73":{"start":{"line":97,"column":20},"end":{"line":99,"column":21}},"74":{"start":{"line":98,"column":24},"end":{"line":98,"column":50}},"75":{"start":{"line":102,"column":20},"end":{"line":104,"column":21}},"76":{"start":{"line":103,"column":24},"end":{"line":103,"column":55}},"77":{"start":{"line":110,"column":8},"end":{"line":110,"column":31}},"78":{"start":{"line":111,"column":8},"end":{"line":132,"column":9}},"79":{"start":{"line":112,"column":12},"end":{"line":112,"column":44}},"80":{"start":{"line":113,"column":12},"end":{"line":113,"column":59}},"81":{"start":{"line":114,"column":12},"end":{"line":114,"column":38}},"82":{"start":{"line":115,"column":12},"end":{"line":115,"column":67}},"83":{"start":{"line":116,"column":12},"end":{"line":116,"column":69}},"84":{"start":{"line":117,"column":12},"end":{"line":117,"column":51}},"85":{"start":{"line":118,"column":12},"end":{"line":118,"column":42}},"86":{"start":{"line":119,"column":12},"end":{"line":119,"column":111}},"87":{"start":{"line":120,"column":12},"end":{"line":120,"column":48}},"88":{"start":{"line":121,"column":12},"end":{"line":126,"column":13}},"89":{"start":{"line":122,"column":16},"end":{"line":122,"column":84}},"90":{"start":{"line":125,"column":16},"end":{"line":125,"column":84}},"91":{"start":{"line":127,"column":12},"end":{"line":127,"column":46}},"92":{"start":{"line":128,"column":12},"end":{"line":128,"column":138}},"93":{"start":{"line":131,"column":12},"end":{"line":131,"column":39}},"94":{"start":{"line":133,"column":8},"end":{"line":133,"column":40}},"95":{"start":{"line":134,"column":8},"end":{"line":134,"column":35}},"96":{"start":{"line":135,"column":8},"end":{"line":135,"column":34}},"97":{"start":{"line":138,"column":8},"end":{"line":138,"column":109}},"98":{"start":{"line":139,"column":8},"end":{"line":139,"column":35}},"99":{"start":{"line":142,"column":8},"end":{"line":142,"column":35}},"100":{"start":{"line":143,"column":8},"end":{"line":143,"column":33}},"101":{"start":{"line":144,"column":8},"end":{"line":144,"column":26}},"102":{"start":{"line":145,"column":8},"end":{"line":145,"column":43}},"103":{"start":{"line":148,"column":8},"end":{"line":148,"column":34}},"104":{"start":{"line":149,"column":8},"end":{"line":149,"column":34}},"105":{"start":{"line":150,"column":8},"end":{"line":150,"column":26}},"106":{"start":{"line":151,"column":8},"end":{"line":151,"column":44}},"107":{"start":{"line":154,"column":8},"end":{"line":159,"column":9}},"108":{"start":{"line":155,"column":12},"end":{"line":155,"column":59}},"109":{"start":{"line":158,"column":12},"end":{"line":158,"column":60}},"110":{"start":{"line":162,"column":8},"end":{"line":167,"column":9}},"111":{"start":{"line":163,"column":12},"end":{"line":163,"column":46}},"112":{"start":{"line":166,"column":12},"end":{"line":166,"column":39}},"113":{"start":{"line":170,"column":8},"end":{"line":170,"column":67}},"114":{"start":{"line":171,"column":8},"end":{"line":171,"column":34}},"115":{"start":{"line":174,"column":8},"end":{"line":174,"column":68}},"116":{"start":{"line":175,"column":8},"end":{"line":175,"column":30}},"117":{"start":{"line":178,"column":8},"end":{"line":178,"column":43}},"118":{"start":{"line":179,"column":8},"end":{"line":179,"column":24}},"119":{"start":{"line":180,"column":8},"end":{"line":180,"column":40}},"120":{"start":{"line":181,"column":8},"end":{"line":181,"column":59}},"121":{"start":{"line":182,"column":8},"end":{"line":182,"column":37}},"122":{"start":{"line":183,"column":8},"end":{"line":183,"column":35}},"123":{"start":{"line":184,"column":8},"end":{"line":184,"column":65}},"124":{"start":{"line":185,"column":8},"end":{"line":186,"column":94}},"125":{"start":{"line":187,"column":8},"end":{"line":187,"column":66}},"126":{"start":{"line":190,"column":8},"end":{"line":192,"column":11}},"127":{"start":{"line":191,"column":12},"end":{"line":191,"column":34}},"128":{"start":{"line":195,"column":0},"end":{"line":198,"column":56}},"129":{"start":{"line":199,"column":0},"end":{"line":204,"column":55}},"130":{"start":{"line":205,"column":0},"end":{"line":212,"column":16}},"131":{"start":{"line":213,"column":0},"end":{"line":213,"column":34}}},"branchMap":{"1":{"line":2,"type":"binary-expr","locations":[{"start":{"line":2,"column":18},"end":{"line":2,"column":22}},{"start":{"line":2,"column":26},"end":{"line":2,"column":41}},{"start":{"line":2,"column":46},"end":{"line":7,"column":1}}]},"2":{"line":3,"type":"cond-expr","locations":[{"start":{"line":3,"column":42},"end":{"line":3,"column":48}},{"start":{"line":3,"column":51},"end":{"line":3,"column":125}}]},"3":{"line":3,"type":"cond-expr","locations":[{"start":{"line":3,"column":67},"end":{"line":3,"column":118}},{"start":{"line":3,"column":121},"end":{"line":3,"column":125}}]},"4":{"line":4,"type":"if","locations":[{"start":{"line":4,"column":4},"end":{"line":4,"column":4}},{"start":{"line":4,"column":4},"end":{"line":4,"column":4}}]},"5":{"line":4,"type":"binary-expr","locations":[{"start":{"line":4,"column":8},"end":{"line":4,"column":35}},{"start":{"line":4,"column":39},"end":{"line":4,"column":77}}]},"6":{"line":5,"type":"if","locations":[{"start":{"line":5,"column":58},"end":{"line":5,"column":58}},{"start":{"line":5,"column":58},"end":{"line":5,"column":58}}]},"7":{"line":5,"type":"binary-expr","locations":[{"start":{"line":5,"column":86},"end":{"line":5,"column":143}},{"start":{"line":5,"column":148},"end":{"line":5,"column":149}}]},"8":{"line":5,"type":"cond-expr","locations":[{"start":{"line":5,"column":94},"end":{"line":5,"column":98}},{"start":{"line":5,"column":101},"end":{"line":5,"column":143}}]},"9":{"line":5,"type":"cond-expr","locations":[{"start":{"line":5,"column":109},"end":{"line":5,"column":126}},{"start":{"line":5,"column":129},"end":{"line":5,"column":143}}]},"10":{"line":6,"type":"binary-expr","locations":[{"start":{"line":6,"column":11},"end":{"line":6,"column":16}},{"start":{"line":6,"column":20},"end":{"line":6,"column":21}},{"start":{"line":6,"column":25},"end":{"line":6,"column":62}}]},"11":{"line":8,"type":"binary-expr","locations":[{"start":{"line":8,"column":18},"end":{"line":8,"column":22}},{"start":{"line":8,"column":26},"end":{"line":8,"column":41}},{"start":{"line":8,"column":46},"end":{"line":10,"column":1}}]},"12":{"line":9,"type":"if","locations":[{"start":{"line":9,"column":4},"end":{"line":9,"column":4}},{"start":{"line":9,"column":4},"end":{"line":9,"column":4}}]},"13":{"line":9,"type":"binary-expr","locations":[{"start":{"line":9,"column":8},"end":{"line":9,"column":35}},{"start":{"line":9,"column":39},"end":{"line":9,"column":77}}]},"14":{"line":47,"type":"if","locations":[{"start":{"line":47,"column":8},"end":{"line":47,"column":8}},{"start":{"line":47,"column":8},"end":{"line":47,"column":8}}]},"15":{"line":47,"type":"binary-expr","locations":[{"start":{"line":47,"column":13},"end":{"line":47,"column":30}},{"start":{"line":47,"column":34},"end":{"line":47,"column":51}},{"start":{"line":47,"column":56},"end":{"line":47,"column":80}}]},"16":{"line":50,"type":"if","locations":[{"start":{"line":50,"column":13},"end":{"line":50,"column":13}},{"start":{"line":50,"column":13},"end":{"line":50,"column":13}}]},"17":{"line":50,"type":"binary-expr","locations":[{"start":{"line":50,"column":17},"end":{"line":50,"column":34}},{"start":{"line":50,"column":38},"end":{"line":50,"column":55}}]},"18":{"line":51,"type":"if","locations":[{"start":{"line":51,"column":12},"end":{"line":51,"column":12}},{"start":{"line":51,"column":12},"end":{"line":51,"column":12}}]},"19":{"line":58,"type":"if","locations":[{"start":{"line":58,"column":13},"end":{"line":58,"column":13}},{"start":{"line":58,"column":13},"end":{"line":58,"column":13}}]},"20":{"line":58,"type":"binary-expr","locations":[{"start":{"line":58,"column":17},"end":{"line":58,"column":34}},{"start":{"line":58,"column":38},"end":{"line":58,"column":61}},{"start":{"line":58,"column":65},"end":{"line":58,"column":113}}]},"21":{"line":64,"type":"if","locations":[{"start":{"line":64,"column":8},"end":{"line":64,"column":8}},{"start":{"line":64,"column":8},"end":{"line":64,"column":8}}]},"22":{"line":64,"type":"binary-expr","locations":[{"start":{"line":64,"column":12},"end":{"line":64,"column":38}},{"start":{"line":64,"column":42},"end":{"line":64,"column":66}}]},"23":{"line":68,"type":"if","locations":[{"start":{"line":68,"column":8},"end":{"line":68,"column":8}},{"start":{"line":68,"column":8},"end":{"line":68,"column":8}}]},"24":{"line":68,"type":"binary-expr","locations":[{"start":{"line":68,"column":12},"end":{"line":68,"column":38}},{"start":{"line":68,"column":42},"end":{"line":68,"column":65}},{"start":{"line":69,"column":12},"end":{"line":69,"column":69}}]},"25":{"line":77,"type":"if","locations":[{"start":{"line":77,"column":8},"end":{"line":77,"column":8}},{"start":{"line":77,"column":8},"end":{"line":77,"column":8}}]},"26":{"line":77,"type":"binary-expr","locations":[{"start":{"line":77,"column":12},"end":{"line":77,"column":35}},{"start":{"line":78,"column":12},"end":{"line":78,"column":69}},{"start":{"line":78,"column":73},"end":{"line":78,"column":99}},{"start":{"line":79,"column":15},"end":{"line":79,"column":67}}]},"27":{"line":85,"type":"if","locations":[{"start":{"line":85,"column":8},"end":{"line":85,"column":8}},{"start":{"line":85,"column":8},"end":{"line":85,"column":8}}]},"28":{"line":90,"type":"if","locations":[{"start":{"line":90,"column":8},"end":{"line":90,"column":8}},{"start":{"line":90,"column":8},"end":{"line":90,"column":8}}]},"29":{"line":92,"type":"if","locations":[{"start":{"line":92,"column":16},"end":{"line":92,"column":16}},{"start":{"line":92,"column":16},"end":{"line":92,"column":16}}]},"30":{"line":92,"type":"binary-expr","locations":[{"start":{"line":92,"column":20},"end":{"line":92,"column":45}},{"start":{"line":92,"column":49},"end":{"line":92,"column":94}}]},"31":{"line":97,"type":"if","locations":[{"start":{"line":97,"column":20},"end":{"line":97,"column":20}},{"start":{"line":97,"column":20},"end":{"line":97,"column":20}}]},"32":{"line":102,"type":"if","locations":[{"start":{"line":102,"column":20},"end":{"line":102,"column":20}},{"start":{"line":102,"column":20},"end":{"line":102,"column":20}}]},"33":{"line":111,"type":"if","locations":[{"start":{"line":111,"column":8},"end":{"line":111,"column":8}},{"start":{"line":111,"column":8},"end":{"line":111,"column":8}}]},"34":{"line":121,"type":"if","locations":[{"start":{"line":121,"column":12},"end":{"line":121,"column":12}},{"start":{"line":121,"column":12},"end":{"line":121,"column":12}}]},"35":{"line":154,"type":"if","locations":[{"start":{"line":154,"column":8},"end":{"line":154,"column":8}},{"start":{"line":154,"column":8},"end":{"line":154,"column":8}}]},"36":{"line":162,"type":"if","locations":[{"start":{"line":162,"column":8},"end":{"line":162,"column":8}},{"start":{"line":162,"column":8},"end":{"line":162,"column":8}}]}},"l":{"2":0,"3":0,"4":0,"5":0,"6":0,"8":0,"9":0,"11":0,"12":0,"13":0,"14":0,"15":0,"16":0,"17":0,"18":0,"19":0,"20":0,"21":0,"22":0,"24":0,"25":0,"26":0,"27":0,"28":0,"29":0,"30":0,"31":0,"32":0,"33":0,"34":0,"35":0,"36":0,"37":0,"38":0,"39":0,"41":0,"42":0,"43":0,"44":0,"47":0,"48":0,"50":0,"51":0,"52":0,"55":0,"58":0,"59":0,"60":0,"64":0,"65":0,"66":0,"68":0,"70":0,"71":0,"72":0,"76":0,"77":0,"80":0,"81":0,"85":0,"86":0,"90":0,"91":0,"92":0,"93":0,"94":0,"95":0,"96":0,"97":0,"98":0,"102":0,"103":0,"110":0,"111":0,"112":0,"113":0,"114":0,"115":0,"116":0,"117":0,"118":0,"119":0,"120":0,"121":0,"122":0,"125":0,"127":0,"128":0,"131":0,"133":0,"134":0,"135":0,"138":0,"139":0,"142":0,"143":0,"144":0,"145":0,"148":0,"149":0,"150":0,"151":0,"154":0,"155":0,"158":0,"162":0,"163":0,"166":0,"170":0,"171":0,"174":0,"175":0,"178":0,"179":0,"180":0,"181":0,"182":0,"183":0,"184":0,"185":0,"187":0,"190":0,"191":0,"195":0,"199":0,"205":0,"213":0}},
"C:\\Users\\charbel pc\\inf2990-13\\Curling\\client\\out\\components\\more\\more.component.js":{"path":"C:\\Users\\charbel pc\\inf2990-13\\Curling\\client\\out\\components\\more\\more.component.js","s":{"1":0,"2":0,"3":0,"4":0,"5":0,"6":0,"7":0,"8":0,"9":0,"10":0,"11":0,"12":0},"b":{"1":[0,0,0],"2":[0,0],"3":[0,0],"4":[0,0],"5":[0,0],"6":[0,0],"7":[0,0],"8":[0,0],"9":[0,0],"10":[0,0,0]},"f":{"1":0},"fnMap":{"1":{"name":"(anonymous_1)","line":2,"loc":{"start":{"line":2,"column":46},"end":{"line":2,"column":87}}}},"statementMap":{"1":{"start":{"line":2,"column":0},"end":{"line":7,"column":2}},"2":{"start":{"line":3,"column":4},"end":{"line":3,"column":129}},"3":{"start":{"line":4,"column":4},"end":{"line":5,"column":150}},"4":{"start":{"line":4,"column":79},"end":{"line":4,"column":131}},"5":{"start":{"line":5,"column":9},"end":{"line":5,"column":150}},"6":{"start":{"line":5,"column":58},"end":{"line":5,"column":150}},"7":{"start":{"line":5,"column":81},"end":{"line":5,"column":150}},"8":{"start":{"line":6,"column":4},"end":{"line":6,"column":66}},"9":{"start":{"line":8,"column":0},"end":{"line":8,"column":40}},"10":{"start":{"line":9,"column":0},"end":{"line":10,"column":2}},"11":{"start":{"line":11,"column":0},"end":{"line":18,"column":18}},"12":{"start":{"line":19,"column":0},"end":{"line":19,"column":38}}},"branchMap":{"1":{"line":2,"type":"binary-expr","locations":[{"start":{"line":2,"column":18},"end":{"line":2,"column":22}},{"start":{"line":2,"column":26},"end":{"line":2,"column":41}},{"start":{"line":2,"column":46},"end":{"line":7,"column":1}}]},"2":{"line":3,"type":"cond-expr","locations":[{"start":{"line":3,"column":42},"end":{"line":3,"column":48}},{"start":{"line":3,"column":51},"end":{"line":3,"column":125}}]},"3":{"line":3,"type":"cond-expr","locations":[{"start":{"line":3,"column":67},"end":{"line":3,"column":118}},{"start":{"line":3,"column":121},"end":{"line":3,"column":125}}]},"4":{"line":4,"type":"if","locations":[{"start":{"line":4,"column":4},"end":{"line":4,"column":4}},{"start":{"line":4,"column":4},"end":{"line":4,"column":4}}]},"5":{"line":4,"type":"binary-expr","locations":[{"start":{"line":4,"column":8},"end":{"line":4,"column":35}},{"start":{"line":4,"column":39},"end":{"line":4,"column":77}}]},"6":{"line":5,"type":"if","locations":[{"start":{"line":5,"column":58},"end":{"line":5,"column":58}},{"start":{"line":5,"column":58},"end":{"line":5,"column":58}}]},"7":{"line":5,"type":"binary-expr","locations":[{"start":{"line":5,"column":86},"end":{"line":5,"column":143}},{"start":{"line":5,"column":148},"end":{"line":5,"column":149}}]},"8":{"line":5,"type":"cond-expr","locations":[{"start":{"line":5,"column":94},"end":{"line":5,"column":98}},{"start":{"line":5,"column":101},"end":{"line":5,"column":143}}]},"9":{"line":5,"type":"cond-expr","locations":[{"start":{"line":5,"column":109},"end":{"line":5,"column":126}},{"start":{"line":5,"column":129},"end":{"line":5,"column":143}}]},"10":{"line":6,"type":"binary-expr","locations":[{"start":{"line":6,"column":11},"end":{"line":6,"column":16}},{"start":{"line":6,"column":20},"end":{"line":6,"column":21}},{"start":{"line":6,"column":25},"end":{"line":6,"column":62}}]}},"l":{"2":0,"3":0,"4":0,"5":0,"6":0,"8":0,"9":0,"11":0,"19":0}},
"C:\\Users\\charbel pc\\inf2990-13\\Curling\\client\\out\\components\\player-name.component.js":{"path":"C:\\Users\\charbel pc\\inf2990-13\\Curling\\client\\out\\components\\player-name.component.js","s":{"1":1,"2":1,"3":1,"4":1,"5":0,"6":0,"7":0,"8":1,"9":1,"10":1,"11":1,"12":2,"13":2,"14":1,"15":1,"16":0,"17":1,"18":1},"b":{"1":[1,1,1],"2":[1,0],"3":[0,0],"4":[1,0],"5":[1,1],"6":[0,0],"7":[0,0],"8":[0,0],"9":[0,0],"10":[1,0,0],"11":[1,0]},"f":{"1":1,"2":2,"3":1},"fnMap":{"1":{"name":"(anonymous_1)","line":2,"loc":{"start":{"line":2,"column":46},"end":{"line":2,"column":87}}},"2":{"name":"(anonymous_2)","line":11,"loc":{"start":{"line":11,"column":12},"end":{"line":11,"column":15}}},"3":{"name":"(anonymous_3)","line":15,"loc":{"start":{"line":15,"column":22},"end":{"line":15,"column":25}}}},"statementMap":{"1":{"start":{"line":2,"column":0},"end":{"line":7,"column":2}},"2":{"start":{"line":3,"column":4},"end":{"line":3,"column":129}},"3":{"start":{"line":4,"column":4},"end":{"line":5,"column":150}},"4":{"start":{"line":4,"column":79},"end":{"line":4,"column":131}},"5":{"start":{"line":5,"column":9},"end":{"line":5,"column":150}},"6":{"start":{"line":5,"column":58},"end":{"line":5,"column":150}},"7":{"start":{"line":5,"column":81},"end":{"line":5,"column":150}},"8":{"start":{"line":6,"column":4},"end":{"line":6,"column":66}},"9":{"start":{"line":8,"column":0},"end":{"line":8,"column":40}},"10":{"start":{"line":9,"column":0},"end":{"line":9,"column":46}},"11":{"start":{"line":10,"column":0},"end":{"line":21,"column":2}},"12":{"start":{"line":12,"column":8},"end":{"line":12,"column":44}},"13":{"start":{"line":13,"column":8},"end":{"line":13,"column":30}},"14":{"start":{"line":16,"column":8},"end":{"line":18,"column":9}},"15":{"start":{"line":17,"column":12},"end":{"line":17,"column":25}},"16":{"start":{"line":19,"column":8},"end":{"line":19,"column":20}},"17":{"start":{"line":22,"column":0},"end":{"line":33,"column":24}},"18":{"start":{"line":34,"column":0},"end":{"line":34,"column":50}}},"branchMap":{"1":{"line":2,"type":"binary-expr","locations":[{"start":{"line":2,"column":18},"end":{"line":2,"column":22}},{"start":{"line":2,"column":26},"end":{"line":2,"column":41}},{"start":{"line":2,"column":46},"end":{"line":7,"column":1}}]},"2":{"line":3,"type":"cond-expr","locations":[{"start":{"line":3,"column":42},"end":{"line":3,"column":48}},{"start":{"line":3,"column":51},"end":{"line":3,"column":125}}]},"3":{"line":3,"type":"cond-expr","locations":[{"start":{"line":3,"column":67},"end":{"line":3,"column":118}},{"start":{"line":3,"column":121},"end":{"line":3,"column":125}}]},"4":{"line":4,"type":"if","locations":[{"start":{"line":4,"column":4},"end":{"line":4,"column":4}},{"start":{"line":4,"column":4},"end":{"line":4,"column":4}}]},"5":{"line":4,"type":"binary-expr","locations":[{"start":{"line":4,"column":8},"end":{"line":4,"column":35}},{"start":{"line":4,"column":39},"end":{"line":4,"column":77}}]},"6":{"line":5,"type":"if","locations":[{"start":{"line":5,"column":58},"end":{"line":5,"column":58}},{"start":{"line":5,"column":58},"end":{"line":5,"column":58}}]},"7":{"line":5,"type":"binary-expr","locations":[{"start":{"line":5,"column":86},"end":{"line":5,"column":143}},{"start":{"line":5,"column":148},"end":{"line":5,"column":149}}]},"8":{"line":5,"type":"cond-expr","locations":[{"start":{"line":5,"column":94},"end":{"line":5,"column":98}},{"start":{"line":5,"column":101},"end":{"line":5,"column":143}}]},"9":{"line":5,"type":"cond-expr","locations":[{"start":{"line":5,"column":109},"end":{"line":5,"column":126}},{"start":{"line":5,"column":129},"end":{"line":5,"column":143}}]},"10":{"line":6,"type":"binary-expr","locations":[{"start":{"line":6,"column":11},"end":{"line":6,"column":16}},{"start":{"line":6,"column":20},"end":{"line":6,"column":21}},{"start":{"line":6,"column":25},"end":{"line":6,"column":62}}]},"11":{"line":16,"type":"if","locations":[{"start":{"line":16,"column":8},"end":{"line":16,"column":8}},{"start":{"line":16,"column":8},"end":{"line":16,"column":8}}]}},"l":{"2":1,"3":1,"4":1,"5":0,"6":1,"8":1,"9":1,"10":1,"12":2,"13":2,"16":1,"17":1,"19":0,"22":1,"34":1}},
"C:\\Users\\charbel pc\\inf2990-13\\Curling\\client\\out\\directives\\modifier.directive.js":{"path":"C:\\Users\\charbel pc\\inf2990-13\\Curling\\client\\out\\directives\\modifier.directive.js","s":{"1":0,"2":0,"3":0,"4":0,"5":0,"6":0,"7":0,"8":0,"9":0,"10":0,"11":0,"12":0,"13":0,"14":0,"15":0,"16":0,"17":0,"18":0,"19":0,"20":0,"21":0,"22":0,"23":0,"24":0},"b":{"1":[0,0,0],"2":[0,0],"3":[0,0],"4":[0,0],"5":[0,0],"6":[0,0],"7":[0,0],"8":[0,0],"9":[0,0],"10":[0,0,0],"11":[0,0,0],"12":[0,0],"13":[0,0],"14":[0,0],"15":[0,0]},"f":{"1":0,"2":0,"3":0,"4":0,"5":0,"6":0,"7":0,"8":0},"fnMap":{"1":{"name":"(anonymous_1)","line":2,"loc":{"start":{"line":2,"column":46},"end":{"line":2,"column":87}}},"2":{"name":"(anonymous_2)","line":8,"loc":{"start":{"line":8,"column":46},"end":{"line":8,"column":62}}},"3":{"name":"(anonymous_3)","line":14,"loc":{"start":{"line":14,"column":15},"end":{"line":14,"column":32}}},"4":{"name":"(anonymous_4)","line":18,"loc":{"start":{"line":18,"column":17},"end":{"line":18,"column":25}}},"5":{"name":"(anonymous_5)","line":23,"loc":{"start":{"line":23,"column":17},"end":{"line":23,"column":25}}},"6":{"name":"(anonymous_6)","line":29,"loc":{"start":{"line":29,"column":12},"end":{"line":29,"column":20}}},"7":{"name":"(anonymous_7)","line":32,"loc":{"start":{"line":32,"column":15},"end":{"line":32,"column":26}}},"8":{"name":"(anonymous_8)","line":35,"loc":{"start":{"line":35,"column":16},"end":{"line":35,"column":19}}}},"statementMap":{"1":{"start":{"line":2,"column":0},"end":{"line":7,"column":2}},"2":{"start":{"line":3,"column":4},"end":{"line":3,"column":129}},"3":{"start":{"line":4,"column":4},"end":{"line":5,"column":150}},"4":{"start":{"line":4,"column":79},"end":{"line":4,"column":131}},"5":{"start":{"line":5,"column":9},"end":{"line":5,"column":150}},"6":{"start":{"line":5,"column":58},"end":{"line":5,"column":150}},"7":{"start":{"line":5,"column":81},"end":{"line":5,"column":150}},"8":{"start":{"line":6,"column":4},"end":{"line":6,"column":66}},"9":{"start":{"line":8,"column":0},"end":{"line":10,"column":2}},"10":{"start":{"line":9,"column":4},"end":{"line":9,"column":109}},"11":{"start":{"line":9,"column":79},"end":{"line":9,"column":109}},"12":{"start":{"line":11,"column":0},"end":{"line":11,"column":40}},"13":{"start":{"line":12,"column":0},"end":{"line":12,"column":63}},"14":{"start":{"line":13,"column":0},"end":{"line":38,"column":2}},"15":{"start":{"line":15,"column":8},"end":{"line":15,"column":45}},"16":{"start":{"line":16,"column":8},"end":{"line":16,"column":23}},"17":{"start":{"line":19,"column":8},"end":{"line":21,"column":9}},"18":{"start":{"line":20,"column":12},"end":{"line":20,"column":44}},"19":{"start":{"line":24,"column":8},"end":{"line":26,"column":9}},"20":{"start":{"line":25,"column":12},"end":{"line":25,"column":23}},"21":{"start":{"line":39,"column":0},"end":{"line":43,"column":51}},"22":{"start":{"line":44,"column":0},"end":{"line":48,"column":51}},"23":{"start":{"line":49,"column":0},"end":{"line":54,"column":22}},"24":{"start":{"line":55,"column":0},"end":{"line":55,"column":46}}},"branchMap":{"1":{"line":2,"type":"binary-expr","locations":[{"start":{"line":2,"column":18},"end":{"line":2,"column":22}},{"start":{"line":2,"column":26},"end":{"line":2,"column":41}},{"start":{"line":2,"column":46},"end":{"line":7,"column":1}}]},"2":{"line":3,"type":"cond-expr","locations":[{"start":{"line":3,"column":42},"end":{"line":3,"column":48}},{"start":{"line":3,"column":51},"end":{"line":3,"column":125}}]},"3":{"line":3,"type":"cond-expr","locations":[{"start":{"line":3,"column":67},"end":{"line":3,"column":118}},{"start":{"line":3,"column":121},"end":{"line":3,"column":125}}]},"4":{"line":4,"type":"if","locations":[{"start":{"line":4,"column":4},"end":{"line":4,"column":4}},{"start":{"line":4,"column":4},"end":{"line":4,"column":4}}]},"5":{"line":4,"type":"binary-expr","locations":[{"start":{"line":4,"column":8},"end":{"line":4,"column":35}},{"start":{"line":4,"column":39},"end":{"line":4,"column":77}}]},"6":{"line":5,"type":"if","locations":[{"start":{"line":5,"column":58},"end":{"line":5,"column":58}},{"start":{"line":5,"column":58},"end":{"line":5,"column":58}}]},"7":{"line":5,"type":"binary-expr","locations":[{"start":{"line":5,"column":86},"end":{"line":5,"column":143}},{"start":{"line":5,"column":148},"end":{"line":5,"column":149}}]},"8":{"line":5,"type":"cond-expr","locations":[{"start":{"line":5,"column":94},"end":{"line":5,"column":98}},{"start":{"line":5,"column":101},"end":{"line":5,"column":143}}]},"9":{"line":5,"type":"cond-expr","locations":[{"start":{"line":5,"column":109},"end":{"line":5,"column":126}},{"start":{"line":5,"column":129},"end":{"line":5,"column":143}}]},"10":{"line":6,"type":"binary-expr","locations":[{"start":{"line":6,"column":11},"end":{"line":6,"column":16}},{"start":{"line":6,"column":20},"end":{"line":6,"column":21}},{"start":{"line":6,"column":25},"end":{"line":6,"column":62}}]},"11":{"line":8,"type":"binary-expr","locations":[{"start":{"line":8,"column":18},"end":{"line":8,"column":22}},{"start":{"line":8,"column":26},"end":{"line":8,"column":41}},{"start":{"line":8,"column":46},"end":{"line":10,"column":1}}]},"12":{"line":9,"type":"if","locations":[{"start":{"line":9,"column":4},"end":{"line":9,"column":4}},{"start":{"line":9,"column":4},"end":{"line":9,"column":4}}]},"13":{"line":9,"type":"binary-expr","locations":[{"start":{"line":9,"column":8},"end":{"line":9,"column":35}},{"start":{"line":9,"column":39},"end":{"line":9,"column":77}}]},"14":{"line":19,"type":"if","locations":[{"start":{"line":19,"column":8},"end":{"line":19,"column":8}},{"start":{"line":19,"column":8},"end":{"line":19,"column":8}}]},"15":{"line":24,"type":"if","locations":[{"start":{"line":24,"column":8},"end":{"line":24,"column":8}},{"start":{"line":24,"column":8},"end":{"line":24,"column":8}}]}},"l":{"2":0,"3":0,"4":0,"5":0,"6":0,"8":0,"9":0,"11":0,"12":0,"13":0,"15":0,"16":0,"19":0,"20":0,"24":0,"25":0,"39":0,"44":0,"49":0,"55":0}},
"C:\\Users\\charbel pc\\inf2990-13\\Curling\\client\\out\\dottedLine\\dottedLine.js":{"path":"C:\\Users\\charbel pc\\inf2990-13\\Curling\\client\\out\\dottedLine\\dottedLine.js","s":{"1":1,"2":1,"3":0,"4":0,"5":0,"6":0,"7":0,"8":0,"9":0,"10":0,"11":0,"12":0,"13":0,"14":0,"15":0,"16":0,"17":0,"18":0,"19":0,"20":0,"21":0,"22":0,"23":0,"24":0,"25":0,"26":0,"27":0,"28":1},"b":{"1":[0,0],"2":[0,0],"3":[0,0],"4":[0,0],"5":[0,0]},"f":{"1":0,"2":0,"3":0,"4":0,"5":0,"6":0,"7":0},"fnMap":{"1":{"name":"(anonymous_1)","line":5,"loc":{"start":{"line":5,"column":15},"end":{"line":5,"column":18}}},"2":{"name":"(anonymous_2)","line":19,"loc":{"start":{"line":19,"column":17},"end":{"line":19,"column":20}}},"3":{"name":"(anonymous_3)","line":22,"loc":{"start":{"line":22,"column":29},"end":{"line":22,"column":32}}},"4":{"name":"(anonymous_4)","line":25,"loc":{"start":{"line":25,"column":12},"end":{"line":25,"column":15}}},"5":{"name":"(anonymous_5)","line":29,"loc":{"start":{"line":29,"column":12},"end":{"line":29,"column":15}}},"6":{"name":"(anonymous_6)","line":33,"loc":{"start":{"line":33,"column":19},"end":{"line":33,"column":22}}},"7":{"name":"(anonymous_7)","line":45,"loc":{"start":{"line":45,"column":20},"end":{"line":45,"column":28}}}},"statementMap":{"1":{"start":{"line":2,"column":0},"end":{"line":2,"column":24}},"2":{"start":{"line":3,"column":0},"end":{"line":3,"column":22}},"3":{"start":{"line":6,"column":8},"end":{"line":6,"column":44}},"4":{"start":{"line":7,"column":8},"end":{"line":12,"column":9}},"5":{"start":{"line":8,"column":12},"end":{"line":11,"column":13}},"6":{"start":{"line":9,"column":16},"end":{"line":9,"column":75}},"7":{"start":{"line":10,"column":16},"end":{"line":10,"column":79}},"8":{"start":{"line":13,"column":8},"end":{"line":13,"column":109}},"9":{"start":{"line":14,"column":8},"end":{"line":14,"column":39}},"10":{"start":{"line":15,"column":8},"end":{"line":15,"column":39}},"11":{"start":{"line":16,"column":8},"end":{"line":16,"column":36}},"12":{"start":{"line":17,"column":8},"end":{"line":17,"column":34}},"13":{"start":{"line":20,"column":8},"end":{"line":20,"column":31}},"14":{"start":{"line":23,"column":8},"end":{"line":23,"column":32}},"15":{"start":{"line":26,"column":8},"end":{"line":26,"column":52}},"16":{"start":{"line":27,"column":8},"end":{"line":27,"column":45}},"17":{"start":{"line":30,"column":8},"end":{"line":30,"column":53}},"18":{"start":{"line":31,"column":8},"end":{"line":31,"column":45}},"19":{"start":{"line":34,"column":8},"end":{"line":43,"column":9}},"20":{"start":{"line":35,"column":12},"end":{"line":35,"column":28}},"21":{"start":{"line":36,"column":12},"end":{"line":36,"column":40}},"22":{"start":{"line":37,"column":12},"end":{"line":37,"column":38}},"23":{"start":{"line":39,"column":13},"end":{"line":43,"column":9}},"24":{"start":{"line":40,"column":12},"end":{"line":40,"column":28}},"25":{"start":{"line":41,"column":12},"end":{"line":41,"column":39}},"26":{"start":{"line":42,"column":12},"end":{"line":42,"column":38}},"27":{"start":{"line":46,"column":8},"end":{"line":46,"column":60}},"28":{"start":{"line":49,"column":0},"end":{"line":49,"column":32}}},"branchMap":{"1":{"line":8,"type":"if","locations":[{"start":{"line":8,"column":12},"end":{"line":8,"column":12}},{"start":{"line":8,"column":12},"end":{"line":8,"column":12}}]},"2":{"line":34,"type":"if","locations":[{"start":{"line":34,"column":8},"end":{"line":34,"column":8}},{"start":{"line":34,"column":8},"end":{"line":34,"column":8}}]},"3":{"line":34,"type":"binary-expr","locations":[{"start":{"line":34,"column":12},"end":{"line":34,"column":31}},{"start":{"line":34,"column":35},"end":{"line":34,"column":69}}]},"4":{"line":39,"type":"if","locations":[{"start":{"line":39,"column":13},"end":{"line":39,"column":13}},{"start":{"line":39,"column":13},"end":{"line":39,"column":13}}]},"5":{"line":39,"type":"binary-expr","locations":[{"start":{"line":39,"column":17},"end":{"line":39,"column":37}},{"start":{"line":39,"column":41},"end":{"line":39,"column":75}}]}},"l":{"2":1,"3":1,"6":0,"7":0,"8":0,"9":0,"10":0,"13":0,"14":0,"15":0,"16":0,"17":0,"20":0,"23":0,"26":0,"27":0,"30":0,"31":0,"34":0,"35":0,"36":0,"37":0,"39":0,"40":0,"41":0,"42":0,"46":0,"49":1}},
"C:\\Users\\charbel pc\\inf2990-13\\Curling\\client\\out\\main.js":{"path":"C:\\Users\\charbel pc\\inf2990-13\\Curling\\client\\out\\main.js","s":{"1":0,"2":0,"3":0,"4":0},"b":{},"f":{},"fnMap":{},"statementMap":{"1":{"start":{"line":2,"column":0},"end":{"line":2,"column":80}},"2":{"start":{"line":3,"column":0},"end":{"line":3,"column":53}},"3":{"start":{"line":4,"column":0},"end":{"line":4,"column":69}},"4":{"start":{"line":5,"column":0},"end":{"line":5,"column":49}}},"branchMap":{},"l":{"2":0,"3":0,"4":0,"5":0}},
"C:\\Users\\charbel pc\\inf2990-13\\Curling\\client\\out\\modules\\app-routing.module.js":{"path":"C:\\Users\\charbel pc\\inf2990-13\\Curling\\client\\out\\modules\\app-routing.module.js","s":{"1":0,"2":0,"3":0,"4":0,"5":0,"6":0,"7":0,"8":0,"9":0,"10":0,"11":0,"12":0,"13":0,"14":0,"15":0,"16":0,"17":0,"18":0},"b":{"1":[0,0,0],"2":[0,0],"3":[0,0],"4":[0,0],"5":[0,0],"6":[0,0],"7":[0,0],"8":[0,0],"9":[0,0],"10":[0,0,0]},"f":{"1":0},"fnMap":{"1":{"name":"(anonymous_1)","line":2,"loc":{"start":{"line":2,"column":46},"end":{"line":2,"column":87}}}},"statementMap":{"1":{"start":{"line":2,"column":0},"end":{"line":7,"column":2}},"2":{"start":{"line":3,"column":4},"end":{"line":3,"column":129}},"3":{"start":{"line":4,"column":4},"end":{"line":5,"column":150}},"4":{"start":{"line":4,"column":79},"end":{"line":4,"column":131}},"5":{"start":{"line":5,"column":9},"end":{"line":5,"column":150}},"6":{"start":{"line":5,"column":58},"end":{"line":5,"column":150}},"7":{"start":{"line":5,"column":81},"end":{"line":5,"column":150}},"8":{"start":{"line":6,"column":4},"end":{"line":6,"column":66}},"9":{"start":{"line":8,"column":0},"end":{"line":8,"column":40}},"10":{"start":{"line":9,"column":0},"end":{"line":9,"column":44}},"11":{"start":{"line":10,"column":0},"end":{"line":10,"column":75}},"12":{"start":{"line":11,"column":0},"end":{"line":11,"column":79}},"13":{"start":{"line":12,"column":0},"end":{"line":12,"column":70}},"14":{"start":{"line":13,"column":0},"end":{"line":13,"column":61}},"15":{"start":{"line":15,"column":0},"end":{"line":21,"column":2}},"16":{"start":{"line":22,"column":0},"end":{"line":23,"column":2}},"17":{"start":{"line":24,"column":0},"end":{"line":29,"column":21}},"18":{"start":{"line":30,"column":0},"end":{"line":30,"column":44}}},"branchMap":{"1":{"line":2,"type":"binary-expr","locations":[{"start":{"line":2,"column":18},"end":{"line":2,"column":22}},{"start":{"line":2,"column":26},"end":{"line":2,"column":41}},{"start":{"line":2,"column":46},"end":{"line":7,"column":1}}]},"2":{"line":3,"type":"cond-expr","locations":[{"start":{"line":3,"column":42},"end":{"line":3,"column":48}},{"start":{"line":3,"column":51},"end":{"line":3,"column":125}}]},"3":{"line":3,"type":"cond-expr","locations":[{"start":{"line":3,"column":67},"end":{"line":3,"column":118}},{"start":{"line":3,"column":121},"end":{"line":3,"column":125}}]},"4":{"line":4,"type":"if","locations":[{"start":{"line":4,"column":4},"end":{"line":4,"column":4}},{"start":{"line":4,"column":4},"end":{"line":4,"column":4}}]},"5":{"line":4,"type":"binary-expr","locations":[{"start":{"line":4,"column":8},"end":{"line":4,"column":35}},{"start":{"line":4,"column":39},"end":{"line":4,"column":77}}]},"6":{"line":5,"type":"if","locations":[{"start":{"line":5,"column":58},"end":{"line":5,"column":58}},{"start":{"line":5,"column":58},"end":{"line":5,"column":58}}]},"7":{"line":5,"type":"binary-expr","locations":[{"start":{"line":5,"column":86},"end":{"line":5,"column":143}},{"start":{"line":5,"column":148},"end":{"line":5,"column":149}}]},"8":{"line":5,"type":"cond-expr","locations":[{"start":{"line":5,"column":94},"end":{"line":5,"column":98}},{"start":{"line":5,"column":101},"end":{"line":5,"column":143}}]},"9":{"line":5,"type":"cond-expr","locations":[{"start":{"line":5,"column":109},"end":{"line":5,"column":126}},{"start":{"line":5,"column":129},"end":{"line":5,"column":143}}]},"10":{"line":6,"type":"binary-expr","locations":[{"start":{"line":6,"column":11},"end":{"line":6,"column":16}},{"start":{"line":6,"column":20},"end":{"line":6,"column":21}},{"start":{"line":6,"column":25},"end":{"line":6,"column":62}}]}},"l":{"2":0,"3":0,"4":0,"5":0,"6":0,"8":0,"9":0,"10":0,"11":0,"12":0,"13":0,"15":0,"22":0,"24":0,"30":0}},
"C:\\Users\\charbel pc\\inf2990-13\\Curling\\client\\out\\modules\\app.module.js":{"path":"C:\\Users\\charbel pc\\inf2990-13\\Curling\\client\\out\\modules\\app.module.js","s":{"1":0,"2":0,"3":0,"4":0,"5":0,"6":0,"7":0,"8":0,"9":0,"10":0,"11":0,"12":0,"13":0,"14":0,"15":0,"16":0,"17":0,"18":0,"19":0,"20":0,"21":0,"22":0,"23":0,"24":0,"25":0,"26":0,"27":0},"b":{"1":[0,0,0],"2":[0,0],"3":[0,0],"4":[0,0],"5":[0,0],"6":[0,0],"7":[0,0],"8":[0,0],"9":[0,0],"10":[0,0,0]},"f":{"1":0},"fnMap":{"1":{"name":"(anonymous_1)","line":2,"loc":{"start":{"line":2,"column":46},"end":{"line":2,"column":87}}}},"statementMap":{"1":{"start":{"line":2,"column":0},"end":{"line":7,"column":2}},"2":{"start":{"line":3,"column":4},"end":{"line":3,"column":129}},"3":{"start":{"line":4,"column":4},"end":{"line":5,"column":150}},"4":{"start":{"line":4,"column":79},"end":{"line":4,"column":131}},"5":{"start":{"line":5,"column":9},"end":{"line":5,"column":150}},"6":{"start":{"line":5,"column":58},"end":{"line":5,"column":150}},"7":{"start":{"line":5,"column":81},"end":{"line":5,"column":150}},"8":{"start":{"line":6,"column":4},"end":{"line":6,"column":66}},"9":{"start":{"line":8,"column":0},"end":{"line":8,"column":40}},"10":{"start":{"line":9,"column":0},"end":{"line":9,"column":64}},"11":{"start":{"line":10,"column":0},"end":{"line":10,"column":42}},"12":{"start":{"line":11,"column":0},"end":{"line":11,"column":61}},"13":{"start":{"line":12,"column":0},"end":{"line":12,"column":63}},"14":{"start":{"line":13,"column":0},"end":{"line":13,"column":61}},"15":{"start":{"line":14,"column":0},"end":{"line":14,"column":75}},"16":{"start":{"line":15,"column":0},"end":{"line":15,"column":79}},"17":{"start":{"line":16,"column":0},"end":{"line":16,"column":70}},"18":{"start":{"line":17,"column":0},"end":{"line":17,"column":75}},"19":{"start":{"line":21,"column":0},"end":{"line":21,"column":73}},"20":{"start":{"line":22,"column":0},"end":{"line":22,"column":63}},"21":{"start":{"line":23,"column":0},"end":{"line":23,"column":61}},"22":{"start":{"line":24,"column":0},"end":{"line":24,"column":73}},"23":{"start":{"line":25,"column":0},"end":{"line":25,"column":61}},"24":{"start":{"line":26,"column":0},"end":{"line":26,"column":48}},"25":{"start":{"line":27,"column":0},"end":{"line":28,"column":2}},"26":{"start":{"line":29,"column":0},"end":{"line":37,"column":14}},"27":{"start":{"line":38,"column":0},"end":{"line":38,"column":30}}},"branchMap":{"1":{"line":2,"type":"binary-expr","locations":[{"start":{"line":2,"column":18},"end":{"line":2,"column":22}},{"start":{"line":2,"column":26},"end":{"line":2,"column":41}},{"start":{"line":2,"column":46},"end":{"line":7,"column":1}}]},"2":{"line":3,"type":"cond-expr","locations":[{"start":{"line":3,"column":42},"end":{"line":3,"column":48}},{"start":{"line":3,"column":51},"end":{"line":3,"column":125}}]},"3":{"line":3,"type":"cond-expr","locations":[{"start":{"line":3,"column":67},"end":{"line":3,"column":118}},{"start":{"line":3,"column":121},"end":{"line":3,"column":125}}]},"4":{"line":4,"type":"if","locations":[{"start":{"line":4,"column":4},"end":{"line":4,"column":4}},{"start":{"line":4,"column":4},"end":{"line":4,"column":4}}]},"5":{"line":4,"type":"binary-expr","locations":[{"start":{"line":4,"column":8},"end":{"line":4,"column":35}},{"start":{"line":4,"column":39},"end":{"line":4,"column":77}}]},"6":{"line":5,"type":"if","locations":[{"start":{"line":5,"column":58},"end":{"line":5,"column":58}},{"start":{"line":5,"column":58},"end":{"line":5,"column":58}}]},"7":{"line":5,"type":"binary-expr","locations":[{"start":{"line":5,"column":86},"end":{"line":5,"column":143}},{"start":{"line":5,"column":148},"end":{"line":5,"column":149}}]},"8":{"line":5,"type":"cond-expr","locations":[{"start":{"line":5,"column":94},"end":{"line":5,"column":98}},{"start":{"line":5,"column":101},"end":{"line":5,"column":143}}]},"9":{"line":5,"type":"cond-expr","locations":[{"start":{"line":5,"column":109},"end":{"line":5,"column":126}},{"start":{"line":5,"column":129},"end":{"line":5,"column":143}}]},"10":{"line":6,"type":"binary-expr","locations":[{"start":{"line":6,"column":11},"end":{"line":6,"column":16}},{"start":{"line":6,"column":20},"end":{"line":6,"column":21}},{"start":{"line":6,"column":25},"end":{"line":6,"column":62}}]}},"l":{"2":0,"3":0,"4":0,"5":0,"6":0,"8":0,"9":0,"10":0,"11":0,"12":0,"13":0,"14":0,"15":0,"16":0,"17":0,"21":0,"22":0,"23":0,"24":0,"25":0,"26":0,"27":0,"29":0,"38":0}},
"C:\\Users\\charbel pc\\inf2990-13\\Curling\\client\\out\\progressbar\\bar.component.js":{"path":"C:\\Users\\charbel pc\\inf2990-13\\Curling\\client\\out\\progressbar\\bar.component.js","s":{},"b":{},"f":{},"fnMap":{},"statementMap":{},"branchMap":{},"l":{}},
"C:\\Users\\charbel pc\\inf2990-13\\Curling\\client\\out\\scores\\high-scores.component.js":{"path":"C:\\Users\\charbel pc\\inf2990-13\\Curling\\client\\out\\scores\\high-scores.component.js","s":{"1":0,"2":0,"3":0,"4":0,"5":0,"6":0,"7":0,"8":0,"9":0,"10":0,"11":0,"12":0,"13":0,"14":0,"15":0,"16":0,"17":0,"18":0,"19":0,"20":0,"21":0,"22":0,"23":0,"24":0,"25":0,"26":0,"27":0,"28":0},"b":{"1":[0,0,0],"2":[0,0],"3":[0,0],"4":[0,0],"5":[0,0],"6":[0,0],"7":[0,0],"8":[0,0],"9":[0,0],"10":[0,0,0],"11":[0,0,0],"12":[0,0],"13":[0,0]},"f":{"1":0,"2":0,"3":0,"4":0,"5":0,"6":0},"fnMap":{"1":{"name":"(anonymous_1)","line":2,"loc":{"start":{"line":2,"column":46},"end":{"line":2,"column":87}}},"2":{"name":"(anonymous_2)","line":8,"loc":{"start":{"line":8,"column":46},"end":{"line":8,"column":62}}},"3":{"name":"(anonymous_3)","line":14,"loc":{"start":{"line":14,"column":15},"end":{"line":14,"column":29}}},"4":{"name":"(anonymous_4)","line":19,"loc":{"start":{"line":19,"column":18},"end":{"line":19,"column":21}}},"5":{"name":"(anonymous_5)","line":33,"loc":{"start":{"line":33,"column":25},"end":{"line":33,"column":28}}},"6":{"name":"(anonymous_6)","line":37,"loc":{"start":{"line":37,"column":23},"end":{"line":37,"column":26}}}},"statementMap":{"1":{"start":{"line":2,"column":0},"end":{"line":7,"column":2}},"2":{"start":{"line":3,"column":4},"end":{"line":3,"column":129}},"3":{"start":{"line":4,"column":4},"end":{"line":5,"column":150}},"4":{"start":{"line":4,"column":79},"end":{"line":4,"column":131}},"5":{"start":{"line":5,"column":9},"end":{"line":5,"column":150}},"6":{"start":{"line":5,"column":58},"end":{"line":5,"column":150}},"7":{"start":{"line":5,"column":81},"end":{"line":5,"column":150}},"8":{"start":{"line":6,"column":4},"end":{"line":6,"column":66}},"9":{"start":{"line":8,"column":0},"end":{"line":10,"column":2}},"10":{"start":{"line":9,"column":4},"end":{"line":9,"column":109}},"11":{"start":{"line":9,"column":79},"end":{"line":9,"column":109}},"12":{"start":{"line":11,"column":0},"end":{"line":11,"column":40}},"13":{"start":{"line":12,"column":0},"end":{"line":12,"column":61}},"14":{"start":{"line":13,"column":0},"end":{"line":41,"column":2}},"15":{"start":{"line":15,"column":8},"end":{"line":15,"column":39}},"16":{"start":{"line":16,"column":8},"end":{"line":16,"column":29}},"17":{"start":{"line":17,"column":8},"end":{"line":17,"column":30}},"18":{"start":{"line":21,"column":8},"end":{"line":25,"column":10}},"19":{"start":{"line":26,"column":8},"end":{"line":31,"column":11}},"20":{"start":{"line":27,"column":12},"end":{"line":29,"column":13}},"21":{"start":{"line":28,"column":16},"end":{"line":28,"column":57}},"22":{"start":{"line":30,"column":12},"end":{"line":30,"column":42}},"23":{"start":{"line":34,"column":8},"end":{"line":34,"column":35}},"24":{"start":{"line":35,"column":8},"end":{"line":35,"column":30}},"25":{"start":{"line":38,"column":8},"end":{"line":38,"column":33}},"26":{"start":{"line":39,"column":8},"end":{"line":39,"column":30}},"27":{"start":{"line":42,"column":0},"end":{"line":49,"column":24}},"28":{"start":{"line":50,"column":0},"end":{"line":50,"column":50}}},"branchMap":{"1":{"line":2,"type":"binary-expr","locations":[{"start":{"line":2,"column":18},"end":{"line":2,"column":22}},{"start":{"line":2,"column":26},"end":{"line":2,"column":41}},{"start":{"line":2,"column":46},"end":{"line":7,"column":1}}]},"2":{"line":3,"type":"cond-expr","locations":[{"start":{"line":3,"column":42},"end":{"line":3,"column":48}},{"start":{"line":3,"column":51},"end":{"line":3,"column":125}}]},"3":{"line":3,"type":"cond-expr","locations":[{"start":{"line":3,"column":67},"end":{"line":3,"column":118}},{"start":{"line":3,"column":121},"end":{"line":3,"column":125}}]},"4":{"line":4,"type":"if","locations":[{"start":{"line":4,"column":4},"end":{"line":4,"column":4}},{"start":{"line":4,"column":4},"end":{"line":4,"column":4}}]},"5":{"line":4,"type":"binary-expr","locations":[{"start":{"line":4,"column":8},"end":{"line":4,"column":35}},{"start":{"line":4,"column":39},"end":{"line":4,"column":77}}]},"6":{"line":5,"type":"if","locations":[{"start":{"line":5,"column":58},"end":{"line":5,"column":58}},{"start":{"line":5,"column":58},"end":{"line":5,"column":58}}]},"7":{"line":5,"type":"binary-expr","locations":[{"start":{"line":5,"column":86},"end":{"line":5,"column":143}},{"start":{"line":5,"column":148},"end":{"line":5,"column":149}}]},"8":{"line":5,"type":"cond-expr","locations":[{"start":{"line":5,"column":94},"end":{"line":5,"column":98}},{"start":{"line":5,"column":101},"end":{"line":5,"column":143}}]},"9":{"line":5,"type":"cond-expr","locations":[{"start":{"line":5,"column":109},"end":{"line":5,"column":126}},{"start":{"line":5,"column":129},"end":{"line":5,"column":143}}]},"10":{"line":6,"type":"binary-expr","locations":[{"start":{"line":6,"column":11},"end":{"line":6,"column":16}},{"start":{"line":6,"column":20},"end":{"line":6,"column":21}},{"start":{"line":6,"column":25},"end":{"line":6,"column":62}}]},"11":{"line":8,"type":"binary-expr","locations":[{"start":{"line":8,"column":18},"end":{"line":8,"column":22}},{"start":{"line":8,"column":26},"end":{"line":8,"column":41}},{"start":{"line":8,"column":46},"end":{"line":10,"column":1}}]},"12":{"line":9,"type":"if","locations":[{"start":{"line":9,"column":4},"end":{"line":9,"column":4}},{"start":{"line":9,"column":4},"end":{"line":9,"column":4}}]},"13":{"line":9,"type":"binary-expr","locations":[{"start":{"line":9,"column":8},"end":{"line":9,"column":35}},{"start":{"line":9,"column":39},"end":{"line":9,"column":77}}]}},"l":{"2":0,"3":0,"4":0,"5":0,"6":0,"8":0,"9":0,"11":0,"12":0,"13":0,"15":0,"16":0,"17":0,"21":0,"26":0,"27":0,"28":0,"30":0,"34":0,"35":0,"38":0,"39":0,"42":0,"50":0}},
"C:\\Users\\charbel pc\\inf2990-13\\Curling\\client\\out\\scores\\mock-scores.js":{"path":"C:\\Users\\charbel pc\\inf2990-13\\Curling\\client\\out\\scores\\mock-scores.js","s":{"1":0,"2":0},"b":{},"f":{},"fnMap":{},"statementMap":{"1":{"start":{"line":2,"column":0},"end":{"line":6,"column":2}},"2":{"start":{"line":7,"column":0},"end":{"line":11,"column":2}}},"branchMap":{},"l":{"2":0,"7":0}},
"C:\\Users\\charbel pc\\inf2990-13\\Curling\\client\\out\\scores\\score.js":{"path":"C:\\Users\\charbel pc\\inf2990-13\\Curling\\client\\out\\scores\\score.js","s":{},"b":{},"f":{},"fnMap":{},"statementMap":{},"branchMap":{},"l":{}},
"C:\\Users\\charbel pc\\inf2990-13\\Curling\\client\\out\\services\\http.service.js":{"path":"C:\\Users\\charbel pc\\inf2990-13\\Curling\\client\\out\\services\\http.service.js","s":{"1":0,"2":0,"3":0,"4":0,"5":0,"6":0,"7":0,"8":0,"9":0,"10":0,"11":0,"12":0,"13":0,"14":0,"15":0,"16":0,"17":0,"18":0,"19":0,"20":0,"21":0,"22":0,"23":0,"24":0,"25":0,"26":0,"27":0,"28":0,"29":0},"b":{"1":[0,0,0],"2":[0,0],"3":[0,0],"4":[0,0],"5":[0,0],"6":[0,0],"7":[0,0],"8":[0,0],"9":[0,0],"10":[0,0,0],"11":[0,0,0],"12":[0,0],"13":[0,0]},"f":{"1":0,"2":0,"3":0,"4":0},"fnMap":{"1":{"name":"(anonymous_1)","line":2,"loc":{"start":{"line":2,"column":46},"end":{"line":2,"column":87}}},"2":{"name":"(anonymous_2)","line":8,"loc":{"start":{"line":8,"column":46},"end":{"line":8,"column":62}}},"3":{"name":"(anonymous_3)","line":16,"loc":{"start":{"line":16,"column":15},"end":{"line":16,"column":22}}},"4":{"name":"(anonymous_4)","line":20,"loc":{"start":{"line":20,"column":20},"end":{"line":20,"column":43}}}},"statementMap":{"1":{"start":{"line":2,"column":0},"end":{"line":7,"column":2}},"2":{"start":{"line":3,"column":4},"end":{"line":3,"column":129}},"3":{"start":{"line":4,"column":4},"end":{"line":5,"column":150}},"4":{"start":{"line":4,"column":79},"end":{"line":4,"column":131}},"5":{"start":{"line":5,"column":9},"end":{"line":5,"column":150}},"6":{"start":{"line":5,"column":58},"end":{"line":5,"column":150}},"7":{"start":{"line":5,"column":81},"end":{"line":5,"column":150}},"8":{"start":{"line":6,"column":4},"end":{"line":6,"column":66}},"9":{"start":{"line":8,"column":0},"end":{"line":10,"column":2}},"10":{"start":{"line":9,"column":4},"end":{"line":9,"column":109}},"11":{"start":{"line":9,"column":79},"end":{"line":9,"column":109}},"12":{"start":{"line":11,"column":0},"end":{"line":11,"column":40}},"13":{"start":{"line":12,"column":0},"end":{"line":12,"column":40}},"14":{"start":{"line":14,"column":0},"end":{"line":14,"column":39}},"15":{"start":{"line":15,"column":0},"end":{"line":41,"column":2}},"16":{"start":{"line":17,"column":8},"end":{"line":17,"column":25}},"17":{"start":{"line":18,"column":8},"end":{"line":18,"column":60}},"18":{"start":{"line":21,"column":8},"end":{"line":21,"column":43}},"19":{"start":{"line":23,"column":8},"end":{"line":39,"column":25}},"20":{"start":{"line":25,"column":12},"end":{"line":25,"column":51}},"21":{"start":{"line":26,"column":12},"end":{"line":26,"column":34}},"22":{"start":{"line":27,"column":12},"end":{"line":27,"column":33}},"23":{"start":{"line":28,"column":12},"end":{"line":35,"column":13}},"24":{"start":{"line":29,"column":16},"end":{"line":33,"column":18}},"25":{"start":{"line":34,"column":16},"end":{"line":34,"column":40}},"26":{"start":{"line":36,"column":12},"end":{"line":36,"column":37}},"27":{"start":{"line":37,"column":12},"end":{"line":37,"column":31}},"28":{"start":{"line":42,"column":0},"end":{"line":45,"column":16}},"29":{"start":{"line":46,"column":0},"end":{"line":46,"column":34}}},"branchMap":{"1":{"line":2,"type":"binary-expr","locations":[{"start":{"line":2,"column":18},"end":{"line":2,"column":22}},{"start":{"line":2,"column":26},"end":{"line":2,"column":41}},{"start":{"line":2,"column":46},"end":{"line":7,"column":1}}]},"2":{"line":3,"type":"cond-expr","locations":[{"start":{"line":3,"column":42},"end":{"line":3,"column":48}},{"start":{"line":3,"column":51},"end":{"line":3,"column":125}}]},"3":{"line":3,"type":"cond-expr","locations":[{"start":{"line":3,"column":67},"end":{"line":3,"column":118}},{"start":{"line":3,"column":121},"end":{"line":3,"column":125}}]},"4":{"line":4,"type":"if","locations":[{"start":{"line":4,"column":4},"end":{"line":4,"column":4}},{"start":{"line":4,"column":4},"end":{"line":4,"column":4}}]},"5":{"line":4,"type":"binary-expr","locations":[{"start":{"line":4,"column":8},"end":{"line":4,"column":35}},{"start":{"line":4,"column":39},"end":{"line":4,"column":77}}]},"6":{"line":5,"type":"if","locations":[{"start":{"line":5,"column":58},"end":{"line":5,"column":58}},{"start":{"line":5,"column":58},"end":{"line":5,"column":58}}]},"7":{"line":5,"type":"binary-expr","locations":[{"start":{"line":5,"column":86},"end":{"line":5,"column":143}},{"start":{"line":5,"column":148},"end":{"line":5,"column":149}}]},"8":{"line":5,"type":"cond-expr","locations":[{"start":{"line":5,"column":94},"end":{"line":5,"column":98}},{"start":{"line":5,"column":101},"end":{"line":5,"column":143}}]},"9":{"line":5,"type":"cond-expr","locations":[{"start":{"line":5,"column":109},"end":{"line":5,"column":126}},{"start":{"line":5,"column":129},"end":{"line":5,"column":143}}]},"10":{"line":6,"type":"binary-expr","locations":[{"start":{"line":6,"column":11},"end":{"line":6,"column":16}},{"start":{"line":6,"column":20},"end":{"line":6,"column":21}},{"start":{"line":6,"column":25},"end":{"line":6,"column":62}}]},"11":{"line":8,"type":"binary-expr","locations":[{"start":{"line":8,"column":18},"end":{"line":8,"column":22}},{"start":{"line":8,"column":26},"end":{"line":8,"column":41}},{"start":{"line":8,"column":46},"end":{"line":10,"column":1}}]},"12":{"line":9,"type":"if","locations":[{"start":{"line":9,"column":4},"end":{"line":9,"column":4}},{"start":{"line":9,"column":4},"end":{"line":9,"column":4}}]},"13":{"line":9,"type":"binary-expr","locations":[{"start":{"line":9,"column":8},"end":{"line":9,"column":35}},{"start":{"line":9,"column":39},"end":{"line":9,"column":77}}]}},"l":{"2":0,"3":0,"4":0,"5":0,"6":0,"8":0,"9":0,"11":0,"12":0,"14":0,"15":0,"17":0,"18":0,"21":0,"23":0,"25":0,"26":0,"27":0,"28":0,"29":0,"34":0,"36":0,"37":0,"42":0,"46":0}},
"C:\\Users\\charbel pc\\inf2990-13\\Curling\\client\\out\\services\\audio.service.js":{"path":"C:\\Users\\charbel pc\\inf2990-13\\Curling\\client\\out\\services\\audio.service.js","s":{"1":1,"2":1,"3":1,"4":1,"5":0,"6":0,"7":0,"8":1,"9":1,"10":1,"11":9,"12":9,"13":9,"14":9,"15":0,"16":0,"17":0,"18":0,"19":9,"20":9,"21":1,"22":1},"b":{"1":[1,1,1],"2":[1,0],"3":[0,0],"4":[1,0],"5":[1,1],"6":[0,0],"7":[0,0],"8":[0,0],"9":[0,0],"10":[1,0,0]},"f":{"1":1,"2":9,"3":0,"4":0,"5":9},"fnMap":{"1":{"name":"(anonymous_1)","line":2,"loc":{"start":{"line":2,"column":46},"end":{"line":2,"column":87}}},"2":{"name":"(anonymous_2)","line":10,"loc":{"start":{"line":10,"column":19},"end":{"line":10,"column":25}}},"3":{"name":"(anonymous_3)","line":16,"loc":{"start":{"line":16,"column":26},"end":{"line":16,"column":29}}},"4":{"name":"(anonymous_4)","line":20,"loc":{"start":{"line":20,"column":28},"end":{"line":20,"column":31}}},"5":{"name":"(anonymous_5)","line":24,"loc":{"start":{"line":24,"column":28},"end":{"line":24,"column":31}}}},"statementMap":{"1":{"start":{"line":2,"column":0},"end":{"line":7,"column":2}},"2":{"start":{"line":3,"column":4},"end":{"line":3,"column":129}},"3":{"start":{"line":4,"column":4},"end":{"line":5,"column":150}},"4":{"start":{"line":4,"column":79},"end":{"line":4,"column":131}},"5":{"start":{"line":5,"column":9},"end":{"line":5,"column":150}},"6":{"start":{"line":5,"column":58},"end":{"line":5,"column":150}},"7":{"start":{"line":5,"column":81},"end":{"line":5,"column":150}},"8":{"start":{"line":6,"column":4},"end":{"line":6,"column":66}},"9":{"start":{"line":8,"column":0},"end":{"line":8,"column":40}},"10":{"start":{"line":9,"column":0},"end":{"line":28,"column":2}},"11":{"start":{"line":11,"column":8},"end":{"line":11,"column":32}},"12":{"start":{"line":12,"column":8},"end":{"line":12,"column":24}},"13":{"start":{"line":13,"column":8},"end":{"line":13,"column":21}},"14":{"start":{"line":14,"column":8},"end":{"line":14,"column":21}},"15":{"start":{"line":17,"column":8},"end":{"line":17,"column":40}},"16":{"start":{"line":18,"column":8},"end":{"line":18,"column":34}},"17":{"start":{"line":21,"column":8},"end":{"line":21,"column":42}},"18":{"start":{"line":22,"column":8},"end":{"line":22,"column":34}},"19":{"start":{"line":25,"column":8},"end":{"line":25,"column":57}},"20":{"start":{"line":26,"column":8},"end":{"line":26,"column":34}},"21":{"start":{"line":29,"column":0},"end":{"line":31,"column":17}},"22":{"start":{"line":32,"column":0},"end":{"line":32,"column":36}}},"branchMap":{"1":{"line":2,"type":"binary-expr","locations":[{"start":{"line":2,"column":18},"end":{"line":2,"column":22}},{"start":{"line":2,"column":26},"end":{"line":2,"column":41}},{"start":{"line":2,"column":46},"end":{"line":7,"column":1}}]},"2":{"line":3,"type":"cond-expr","locations":[{"start":{"line":3,"column":42},"end":{"line":3,"column":48}},{"start":{"line":3,"column":51},"end":{"line":3,"column":125}}]},"3":{"line":3,"type":"cond-expr","locations":[{"start":{"line":3,"column":67},"end":{"line":3,"column":118}},{"start":{"line":3,"column":121},"end":{"line":3,"column":125}}]},"4":{"line":4,"type":"if","locations":[{"start":{"line":4,"column":4},"end":{"line":4,"column":4}},{"start":{"line":4,"column":4},"end":{"line":4,"column":4}}]},"5":{"line":4,"type":"binary-expr","locations":[{"start":{"line":4,"column":8},"end":{"line":4,"column":35}},{"start":{"line":4,"column":39},"end":{"line":4,"column":77}}]},"6":{"line":5,"type":"if","locations":[{"start":{"line":5,"column":58},"end":{"line":5,"column":58}},{"start":{"line":5,"column":58},"end":{"line":5,"column":58}}]},"7":{"line":5,"type":"binary-expr","locations":[{"start":{"line":5,"column":86},"end":{"line":5,"column":143}},{"start":{"line":5,"column":148},"end":{"line":5,"column":149}}]},"8":{"line":5,"type":"cond-expr","locations":[{"start":{"line":5,"column":94},"end":{"line":5,"column":98}},{"start":{"line":5,"column":101},"end":{"line":5,"column":143}}]},"9":{"line":5,"type":"cond-expr","locations":[{"start":{"line":5,"column":109},"end":{"line":5,"column":126}},{"start":{"line":5,"column":129},"end":{"line":5,"column":143}}]},"10":{"line":6,"type":"binary-expr","locations":[{"start":{"line":6,"column":11},"end":{"line":6,"column":16}},{"start":{"line":6,"column":20},"end":{"line":6,"column":21}},{"start":{"line":6,"column":25},"end":{"line":6,"column":62}}]}},"l":{"2":1,"3":1,"4":1,"5":0,"6":1,"8":1,"9":1,"11":9,"12":9,"13":9,"14":9,"17":0,"18":0,"21":0,"22":0,"25":9,"26":9,"29":1,"32":1}},
"C:\\Users\\charbel pc\\inf2990-13\\Curling\\client\\out\\services\\object-creater.service.js":{"path":"C:\\Users\\charbel pc\\inf2990-13\\Curling\\client\\out\\services\\object-creater.service.js","s":{"1":1,"2":1,"3":1,"4":1,"5":0,"6":0,"7":0,"8":1,"9":1,"10":1,"11":1,"12":1,"13":1,"14":1,"15":1,"16":1,"17":4,"18":0,"19":0,"20":0,"21":0,"22":0,"23":0,"24":0,"25":0,"26":0,"27":0,"28":0,"29":0,"30":0,"31":0,"32":0,"33":0,"34":0,"35":0,"36":0,"37":0,"38":0,"39":0,"40":0,"41":0,"42":0,"43":0,"44":0,"45":0,"46":0,"47":0,"48":0,"49":0,"50":0,"51":0,"52":0,"53":0,"54":0,"55":0,"56":0,"57":0,"58":0,"59":0,"60":0,"61":0,"62":0,"63":0,"64":0,"65":0,"66":0,"67":0,"68":0,"69":0,"70":0,"71":0,"72":0,"73":0,"74":0,"75":0,"76":0,"77":0,"78":1,"79":1},"b":{"1":[1,1,1],"2":[1,0],"3":[0,0],"4":[1,0],"5":[1,1],"6":[0,0],"7":[0,0],"8":[0,0],"9":[0,0],"10":[1,0,0],"11":[1,1,1],"12":[1,0],"13":[1,1],"14":[0,0],"15":[0,0],"16":[0,0]},"f":{"1":1,"2":1,"3":4,"4":0,"5":0,"6":0,"7":0},"fnMap":{"1":{"name":"(anonymous_1)","line":2,"loc":{"start":{"line":2,"column":46},"end":{"line":2,"column":87}}},"2":{"name":"(anonymous_2)","line":8,"loc":{"start":{"line":8,"column":46},"end":{"line":8,"column":62}}},"3":{"name":"(anonymous_3)","line":16,"loc":{"start":{"line":16,"column":15},"end":{"line":16,"column":31}}},"4":{"name":"(anonymous_4)","line":19,"loc":{"start":{"line":19,"column":21},"end":{"line":19,"column":24}}},"5":{"name":"(anonymous_5)","line":46,"loc":{"start":{"line":46,"column":21},"end":{"line":46,"column":24}}},"6":{"name":"(anonymous_6)","line":72,"loc":{"start":{"line":72,"column":13},"end":{"line":72,"column":16}}},"7":{"name":"(anonymous_7)","line":97,"loc":{"start":{"line":97,"column":16},"end":{"line":97,"column":19}}}},"statementMap":{"1":{"start":{"line":2,"column":0},"end":{"line":7,"column":2}},"2":{"start":{"line":3,"column":4},"end":{"line":3,"column":129}},"3":{"start":{"line":4,"column":4},"end":{"line":5,"column":150}},"4":{"start":{"line":4,"column":79},"end":{"line":4,"column":131}},"5":{"start":{"line":5,"column":9},"end":{"line":5,"column":150}},"6":{"start":{"line":5,"column":58},"end":{"line":5,"column":150}},"7":{"start":{"line":5,"column":81},"end":{"line":5,"column":150}},"8":{"start":{"line":6,"column":4},"end":{"line":6,"column":66}},"9":{"start":{"line":8,"column":0},"end":{"line":10,"column":2}},"10":{"start":{"line":9,"column":4},"end":{"line":9,"column":109}},"11":{"start":{"line":9,"column":79},"end":{"line":9,"column":109}},"12":{"start":{"line":11,"column":0},"end":{"line":11,"column":40}},"13":{"start":{"line":12,"column":0},"end":{"line":12,"column":63}},"14":{"start":{"line":13,"column":0},"end":{"line":13,"column":30}},"15":{"start":{"line":14,"column":0},"end":{"line":14,"column":45}},"16":{"start":{"line":15,"column":0},"end":{"line":108,"column":2}},"17":{"start":{"line":17,"column":8},"end":{"line":17,"column":43}},"18":{"start":{"line":20,"column":8},"end":{"line":44,"column":11}},"19":{"start":{"line":21,"column":12},"end":{"line":21,"column":51}},"20":{"
[...]
:97,"column":25}}},"22":{"name":"(anonymous_22)","line":100,"loc":{"start":{"line":100,"column":24},"end":{"line":100,"column":39}}},"23":{"name":"(anonymous_23)","line":103,"loc":{"start":{"line":103,"column":24},"end":{"line":103,"column":27}}},"24":{"name":"(anonymous_24)","line":106,"loc":{"start":{"line":106,"column":28},"end":{"line":106,"column":44}}},"25":{"name":"(anonymous_25)","line":109,"loc":{"start":{"line":109,"column":28},"end":{"line":109,"column":44}}},"26":{"name":"(anonymous_26)","line":112,"loc":{"start":{"line":112,"column":13},"end":{"line":112,"column":16}}},"27":{"name":"(anonymous_27)","line":115,"loc":{"start":{"line":115,"column":13},"end":{"line":115,"column":16}}},"28":{"name":"(anonymous_28)","line":118,"loc":{"start":{"line":118,"column":28},"end":{"line":118,"column":31}}},"29":{"name":"(anonymous_29)","line":121,"loc":{"start":{"line":121,"column":28},"end":{"line":121,"column":31}}},"30":{"name":"(anonymous_30)","line":124,"loc":{"start":{"line":124,"column":22},"end":{"line":124,"column":25}}},"31":{"name":"(anonymous_31)","line":133,"loc":{"start":{"line":133,"column":29},"end":{"line":133,"column":32}}},"32":{"name":"(anonymous_32)","line":139,"loc":{"start":{"line":139,"column":14},"end":{"line":139,"column":17}}},"33":{"name":"(anonymous_33)","line":163,"loc":{"start":{"line":163,"column":12},"end":{"line":163,"column":15}}},"34":{"name":"(anonymous_34)","line":166,"loc":{"start":{"line":166,"column":19},"end":{"line":166,"column":31}}},"35":{"name":"(anonymous_35)","line":177,"loc":{"start":{"line":177,"column":19},"end":{"line":177,"column":28}}},"36":{"name":"(anonymous_36)","line":204,"loc":{"start":{"line":204,"column":20},"end":{"line":204,"column":29}}},"37":{"name":"(anonymous_37)","line":212,"loc":{"start":{"line":212,"column":30},"end":{"line":212,"column":47}}},"38":{"name":"(anonymous_38)","line":220,"loc":{"start":{"line":220,"column":20},"end":{"line":220,"column":28}}}},"statementMap":{"1":{"start":{"line":2,"column":0},"end":{"line":2,"column":61}},"2":{"start":{"line":3,"column":0},"end":{"line":3,"column":29}},"3":{"start":{"line":4,"column":0},"end":{"line":4,"column":36}},"4":{"start":{"line":5,"column":0},"end":{"line":5,"column":43}},"5":{"start":{"line":6,"column":0},"end":{"line":6,"column":41}},"6":{"start":{"line":7,"column":0},"end":{"line":7,"column":31}},"7":{"start":{"line":8,"column":0},"end":{"line":8,"column":32}},"8":{"start":{"line":9,"column":0},"end":{"line":9,"column":30}},"9":{"start":{"line":10,"column":0},"end":{"line":10,"column":42}},"10":{"start":{"line":11,"column":0},"end":{"line":11,"column":40}},"11":{"start":{"line":12,"column":0},"end":{"line":12,"column":54}},"12":{"start":{"line":13,"column":0},"end":{"line":13,"column":26}},"13":{"start":{"line":16,"column":8},"end":{"line":16,"column":63}},"14":{"start":{"line":17,"column":8},"end":{"line":17,"column":42}},"15":{"start":{"line":18,"column":8},"end":{"line":18,"column":57}},"16":{"start":{"line":19,"column":8},"end":{"line":19,"column":35}},"17":{"start":{"line":20,"column":8},"end":{"line":20,"column":30}},"18":{"start":{"line":21,"column":8},"end":{"line":21,"column":64}},"19":{"start":{"line":22,"column":8},"end":{"line":22,"column":46}},"20":{"start":{"line":23,"column":8},"end":{"line":23,"column":26}},"21":{"start":{"line":26,"column":8},"end":{"line":26,"column":27}},"22":{"start":{"line":29,"column":8},"end":{"line":29,"column":26}},"23":{"start":{"line":32,"column":8},"end":{"line":32,"column":27}},"24":{"start":{"line":35,"column":8},"end":{"line":35,"column":26}},"25":{"start":{"line":38,"column":8},"end":{"line":38,"column":25}},"26":{"start":{"line":41,"column":8},"end":{"line":41,"column":25}},"27":{"start":{"line":44,"column":8},"end":{"line":44,"column":33}},"28":{"start":{"line":47,"column":8},"end":{"line":52,"column":9}},"29":{"start":{"line":48,"column":12},"end":{"line":48,"column":39}},"30":{"start":{"line":50,"column":13},"end":{"line":52,"column":9}},"31":{"start":{"line":51,"column":12},"end":{"line":51,"column":47}},"32":{"start":{"line":55,"column":8},"end":{"line":55,"column":51}},"33":{"start":{"line":56,"column":8},"end":{"line":56,"column":17}},"34":{"start":{"line":57,"column":8},"end":{"line":64,"column":9}},"35":{"start":{"line":58,"column":12},"end":{"line":58,"column":48}},"36":{"start":{"line":59,"column":12},"end":{"line":59,"column":48}},"37":{"start":{"line":62,"column":12},"end":{"line":62,"column":18}},"38":{"start":{"line":63,"column":12},"end":{"line":63,"column":18}},"39":{"start":{"line":65,"column":8},"end":{"line":65,"column":30}},"40":{"start":{"line":68,"column":8},"end":{"line":68,"column":53}},"41":{"start":{"line":71,"column":8},"end":{"line":71,"column":25}},"42":{"start":{"line":74,"column":8},"end":{"line":74,"column":64}},"43":{"start":{"line":77,"column":8},"end":{"line":77,"column":62}},"44":{"start":{"line":80,"column":8},"end":{"line":80,"column":46}},"45":{"start":{"line":83,"column":8},"end":{"line":83,"column":47}},"46":{"start":{"line":86,"column":8},"end":{"line":86,"column":29}},"47":{"start":{"line":89,"column":8},"end":{"line":89,"column":29}},"48":{"start":{"line":92,"column":8},"end":{"line":92,"column":36}},"49":{"start":{"line":95,"column":8},"end":{"line":95,"column":36}},"50":{"start":{"line":98,"column":8},"end":{"line":98,"column":92}},"51":{"start":{"line":101,"column":8},"end":{"line":101,"column":46}},"52":{"start":{"line":104,"column":8},"end":{"line":104,"column":38}},"53":{"start":{"line":107,"column":8},"end":{"line":107,"column":58}},"54":{"start":{"line":110,"column":8},"end":{"line":110,"column":58}},"55":{"start":{"line":113,"column":8},"end":{"line":113,"column":34}},"56":{"start":{"line":116,"column":8},"end":{"line":116,"column":34}},"57":{"start":{"line":119,"column":8},"end":{"line":119,"column":49}},"58":{"start":{"line":122,"column":8},"end":{"line":122,"column":49}},"59":{"start":{"line":125,"column":8},"end":{"line":131,"column":9}},"60":{"start":{"line":127,"column":12},"end":{"line":127,"column":24}},"61":{"start":{"line":130,"column":12},"end":{"line":130,"column":25}},"62":{"start":{"line":134,"column":8},"end":{"line":134,"column":58}},"63":{"start":{"line":135,"column":8},"end":{"line":135,"column":83}},"64":{"start":{"line":136,"column":8},"end":{"line":136,"column":83}},"65":{"start":{"line":140,"column":8},"end":{"line":140,"column":49}},"66":{"start":{"line":141,"column":8},"end":{"line":141,"column":41}},"67":{"start":{"line":142,"column":8},"end":{"line":142,"column":64}},"68":{"start":{"line":143,"column":8},"end":{"line":143,"column":64}},"69":{"start":{"line":145,"column":8},"end":{"line":145,"column":114}},"70":{"start":{"line":146,"column":8},"end":{"line":148,"column":9}},"71":{"start":{"line":147,"column":12},"end":{"line":147,"column":61}},"72":{"start":{"line":149,"column":8},"end":{"line":151,"column":9}},"73":{"start":{"line":150,"column":12},"end":{"line":150,"column":39}},"74":{"start":{"line":152,"column":8},"end":{"line":152,"column":53}},"75":{"start":{"line":153,"column":8},"end":{"line":156,"column":9}},"76":{"start":{"line":154,"column":12},"end":{"line":154,"column":30}},"77":{"start":{"line":155,"column":12},"end":{"line":155,"column":30}},"78":{"start":{"line":157,"column":8},"end":{"line":161,"column":9}},"79":{"start":{"line":159,"column":12},"end":{"line":159,"column":30}},"80":{"start":{"line":160,"column":12},"end":{"line":160,"column":30}},"81":{"start":{"line":164,"column":8},"end":{"line":164,"column":85}},"82":{"start":{"line":167,"column":8},"end":{"line":174,"column":9}},"83":{"start":{"line":168,"column":12},"end":{"line":173,"column":13}},"84":{"start":{"line":170,"column":16},"end":{"line":170,"column":61}},"85":{"start":{"line":171,"column":16},"end":{"line":171,"column":51}},"86":{"start":{"line":172,"column":16},"end":{"line":172,"column":36}},"87":{"start":{"line":175,"column":8},"end":{"line":175,"column":20}},"88":{"start":{"line":189,"column":8},"end":{"line":189,"column":44}},"89":{"start":{"line":190,"column":8},"end":{"line":190,"column":46}},"90":{"start":{"line":191,"column":8},"end":{"line":191,"column":21}},"91":{"start":{"line":192,"column":8},"end":{"line":192,"column":18}},"92":{"start":{"line":193,"column":8},"end":{"line":193,"column":30}},"93":{"start":{"line":194,"column":8},"end":{"line":194,"column":58}},"94":{"start":{"line":195,"column":8},"end":{"line":195,"column":41}},"95":{"start":{"line":196,"column":8},"end":{"line":196,"column":41}},"96":{"start":{"line":197,"column":8},"end":{"line":197,"column":41}},"97":{"start":{"line":198,"column":8},"end":{"line":198,"column":41}},"98":{"start":{"line":199,"column":8},"end":{"line":199,"column":29}},"99":{"start":{"line":200,"column":8},"end":{"line":200,"column":29}},"100":{"start":{"line":201,"column":8},"end":{"line":201,"column":31}},"101":{"start":{"line":202,"column":8},"end":{"line":202,"column":31}},"102":{"start":{"line":205,"column":8},"end":{"line":205,"column":72}},"103":{"start":{"line":206,"column":8},"end":{"line":206,"column":72}},"104":{"start":{"line":207,"column":8},"end":{"line":207,"column":62}},"105":{"start":{"line":208,"column":8},"end":{"line":208,"column":21}},"106":{"start":{"line":209,"column":8},"end":{"line":209,"column":21}},"107":{"start":{"line":210,"column":8},"end":{"line":210,"column":30}},"108":{"start":{"line":213,"column":8},"end":{"line":213,"column":33}},"109":{"start":{"line":214,"column":8},"end":{"line":218,"column":9}},"110":{"start":{"line":215,"column":12},"end":{"line":217,"column":13}},"111":{"start":{"line":216,"column":16},"end":{"line":216,"column":76}},"112":{"start":{"line":221,"column":8},"end":{"line":223,"column":12}},"113":{"start":{"line":224,"column":8},"end":{"line":226,"column":12}},"114":{"start":{"line":227,"column":8},"end":{"line":236,"column":9}},"115":{"start":{"line":228,"column":12},"end":{"line":230,"column":16}},"116":{"start":{"line":232,"column":13},"end":{"line":236,"column":9}},"117":{"start":{"line":233,"column":12},"end":{"line":235,"column":16}},"118":{"start":{"line":239,"column":0},"end":{"line":239,"column":22}}},"branchMap":{"1":{"line":47,"type":"if","locations":[{"start":{"line":47,"column":8},"end":{"line":47,"column":8}},{"start":{"line":47,"column":8},"end":{"line":47,"column":8}}]},"2":{"line":50,"type":"if","locations":[{"start":{"line":50,"column":13},"end":{"line":50,"column":13}},{"start":{"line":50,"column":13},"end":{"line":50,"column":13}}]},"3":{"line":57,"type":"if","locations":[{"start":{"line":57,"column":8},"end":{"line":57,"column":8}},{"start":{"line":57,"column":8},"end":{"line":57,"column":8}}]},"4":{"line":125,"type":"if","locations":[{"start":{"line":125,"column":8},"end":{"line":125,"column":8}},{"start":{"line":125,"column":8},"end":{"line":125,"column":8}}]},"5":{"line":125,"type":"binary-expr","locations":[{"start":{"line":125,"column":12},"end":{"line":125,"column":81}},{"start":{"line":126,"column":12},"end":{"line":126,"column":103}}]},"6":{"line":146,"type":"if","locations":[{"start":{"line":146,"column":8},"end":{"line":146,"column":8}},{"start":{"line":146,"column":8},"end":{"line":146,"column":8}}]},"7":{"line":149,"type":"if","locations":[{"start":{"line":149,"column":8},"end":{"line":149,"column":8}},{"start":{"line":149,"column":8},"end":{"line":149,"column":8}}]},"8":{"line":153,"type":"if","locations":[{"start":{"line":153,"column":8},"end":{"line":153,"column":8}},{"start":{"line":153,"column":8},"end":{"line":153,"column":8}}]},"9":{"line":157,"type":"if","locations":[{"start":{"line":157,"column":8},"end":{"line":157,"column":8}},{"start":{"line":157,"column":8},"end":{"line":157,"column":8}}]},"10":{"line":157,"type":"binary-expr","locations":[{"start":{"line":157,"column":13},"end":{"line":157,"column":34}},{"start":{"line":157,"column":38},"end":{"line":157,"column":58}},{"start":{"line":158,"column":16},"end":{"line":158,"column":37}},{"start":{"line":158,"column":41},"end":{"line":158,"column":61}}]},"11":{"line":164,"type":"cond-expr","locations":[{"start":{"line":164,"column":72},"end":{"line":164,"column":77}},{"start":{"line":164,"column":80},"end":{"line":164,"column":84}}]},"12":{"line":164,"type":"binary-expr","locations":[{"start":{"line":164,"column":16},"end":{"line":164,"column":40}},{"start":{"line":164,"column":44},"end":{"line":164,"column":68}}]},"13":{"line":168,"type":"if","locations":[{"start":{"line":168,"column":12},"end":{"line":168,"column":12}},{"start":{"line":168,"column":12},"end":{"line":168,"column":12}}]},"14":{"line":168,"type":"binary-expr","locations":[{"start":{"line":168,"column":16},"end":{"line":168,"column":63}},{"start":{"line":169,"column":19},"end":{"line":169,"column":105}}]},"15":{"line":214,"type":"if","locations":[{"start":{"line":214,"column":8},"end":{"line":214,"column":8}},{"start":{"line":214,"column":8},"end":{"line":214,"column":8}}]},"16":{"line":227,"type":"if","locations":[{"start":{"line":227,"column":8},"end":{"line":227,"column":8}},{"start":{"line":227,"column":8},"end":{"line":227,"column":8}}]},"17":{"line":232,"type":"if","locations":[{"start":{"line":232,"column":13},"end":{"line":232,"column":13}},{"start":{"line":232,"column":13},"end":{"line":232,"column":13}}]}},"l":{"2":1,"3":1,"4":1,"5":1,"6":1,"7":1,"8":1,"9":1,"10":1,"11":1,"12":1,"13":1,"16":32,"17":32,"18":32,"19":32,"20":32,"21":32,"22":32,"23":32,"26":0,"29":0,"32":0,"35":0,"38":27,"41":927,"44":1,"47":27,"48":26,"50":1,"51":1,"55":342,"56":342,"57":342,"58":339,"59":339,"62":3,"63":3,"65":342,"68":26,"71":0,"74":0,"77":0,"80":0,"83":0,"86":0,"89":0,"92":68,"95":72,"98":401,"101":0,"104":0,"107":327,"110":327,"113":651,"116":10,"119":12,"122":12,"125":329,"127":7,"130":322,"134":327,"135":327,"136":327,"140":321,"141":321,"142":321,"143":321,"145":321,"146":321,"147":1,"149":321,"150":313,"152":321,"153":321,"154":2,"155":2,"157":321,"159":3,"160":3,"164":7,"167":15,"168":45,"170":9,"171":9,"172":9,"175":6,"189":11,"190":11,"191":11,"192":11,"193":11,"194":11,"195":11,"196":11,"197":11,"198":11,"199":11,"200":11,"201":11,"202":11,"205":13,"206":13,"207":13,"208":13,"209":13,"210":13,"213":0,"214":0,"215":0,"216":0,"221":0,"224":0,"227":0,"228":0,"232":0,"233":0,"239":1}},
"C:\\Users\\charbel pc\\inf2990-13\\Curling\\client\\out\\scores\\simulation-fin-partie.component.js":{"path":"C:\\Users\\charbel pc\\inf2990-13\\Curling\\client\\out\\scores\\simulation-fin-partie.component.js","s":{"1":0,"2":0,"3":0,"4":0,"5":0,"6":0,"7":0,"8":0,"9":0,"10":0,"11":0,"12":0,"13":0,"14":0,"15":0,"16":0,"17":0,"18":0,"19":0,"20":0,"21":0,"22":0,"23":0,"24":0,"25":0,"26":0},"b":{"1":[0,0,0],"2":[0,0],"3":[0,0],"4":[0,0],"5":[0,0],"6":[0,0],"7":[0,0],"8":[0,0],"9":[0,0],"10":[0,0,0],"11":[0,0,0],"12":[0,0],"13":[0,0],"14":[0,0],"15":[0,0]},"f":{"1":0,"2":0,"3":0,"4":0},"fnMap":{"1":{"name":"(anonymous_1)","line":5,"loc":{"start":{"line":5,"column":46},"end":{"line":5,"column":87}}},"2":{"name":"(anonymous_2)","line":11,"loc":{"start":{"line":11,"column":46},"end":{"line":11,"column":62}}},"3":{"name":"(anonymous_3)","line":17,"loc":{"start":{"line":17,"column":15},"end":{"line":17,"column":18}}},"4":{"name":"(anonymous_4)","line":20,"loc":{"start":{"line":20,"column":11},"end":{"line":20,"column":19}}}},"statementMap":{"1":{"start":{"line":5,"column":0},"end":{"line":10,"column":2}},"2":{"start":{"line":6,"column":4},"end":{"line":6,"column":129}},"3":{"start":{"line":7,"column":4},"end":{"line":8,"column":150}},"4":{"start":{"line":7,"column":79},"end":{"line":7,"column":131}},"5":{"start":{"line":8,"column":9},"end":{"line":8,"column":150}},"6":{"start":{"line":8,"column":58},"end":{"line":8,"column":150}},"7":{"start":{"line":8,"column":81},"end":{"line":8,"column":150}},"8":{"start":{"line":9,"column":4},"end":{"line":9,"column":66}},"9":{"start":{"line":11,"column":0},"end":{"line":13,"column":2}},"10":{"start":{"line":12,"column":4},"end":{"line":12,"column":109}},"11":{"start":{"line":12,"column":79},"end":{"line":12,"column":109}},"12":{"start":{"line":14,"column":0},"end":{"line":14,"column":40}},"13":{"start":{"line":15,"column":0},"end":{"line":15,"column":35}},"14":{"start":{"line":16,"column":0},"end":{"line":33,"column":2}},"15":{"start":{"line":18,"column":8},"end":{"line":18,"column":36}},"16":{"start":{"line":21,"column":8},"end":{"line":21,"column":45}},"17":{"start":{"line":22,"column":8},"end":{"line":22,"column":51}},"18":{"start":{"line":23,"column":8},"end":{"line":23,"column":51}},"19":{"start":{"line":24,"column":8},"end":{"line":24,"column":77}},"20":{"start":{"line":25,"column":8},"end":{"line":30,"column":9}},"21":{"start":{"line":26,"column":12},"end":{"line":26,"column":44}},"22":{"start":{"line":28,"column":13},"end":{"line":30,"column":9}},"23":{"start":{"line":29,"column":12},"end":{"line":29,"column":45}},"24":{"start":{"line":31,"column":8},"end":{"line":31,"column":35}},"25":{"start":{"line":34,"column":0},"end":{"line":68,"column":33}},"26":{"start":{"line":69,"column":0},"end":{"line":69,"column":68}}},"branchMap":{"1":{"line":5,"type":"binary-expr","locations":[{"start":{"line":5,"column":18},"end":{"line":5,"column":22}},{"start":{"line":5,"column":26},"end":{"line":5,"column":41}},{"start":{"line":5,"column":46},"end":{"line":10,"column":1}}]},"2":{"line":6,"type":"cond-expr","locations":[{"start":{"line":6,"column":42},"end":{"line":6,"column":48}},{"start":{"line":6,"column":51},"end":{"line":6,"column":125}}]},"3":{"line":6,"type":"cond-expr","locations":[{"start":{"line":6,"column":67},"end":{"line":6,"column":118}},{"start":{"line":6,"column":121},"end":{"line":6,"column":125}}]},"4":{"line":7,"type":"if","locations":[{"start":{"line":7,"column":4},"end":{"line":7,"column":4}},{"start":{"line":7,"column":4},"end":{"line":7,"column":4}}]},"5":{"line":7,"type":"binary-expr","locations":[{"start":{"line":7,"column":8},"end":{"line":7,"column":35}},{"start":{"line":7,"column":39},"end":{"line":7,"column":77}}]},"6":{"line":8,"type":"if","locations":[{"start":{"line":8,"column":58},"end":{"line":8,"column":58}},{"start":{"line":8,"column":58},"end":{"line":8,"column":58}}]},"7":{"line":8,"type":"binary-expr","locations":[{"start":{"line":8,"column":86},"end":{"line":8,"column":143}},{"start":{"line":8,"column":148},"end":{"line":8,"column":149}}]},"8":{"line":8,"type":"cond-expr","locations":[{"start":{"line":8,"column":94},"end":{"line":8,"column":98}},{"start":{"line":8,"column":101},"end":{"line":8,"column":143}}]},"9":{"line":8,"type":"cond-expr","locations":[{"start":{"line":8,"column":109},"end":{"line":8,"column":126}},{"start":{"line":8,"column":129},"end":{"line":8,"column":143}}]},"10":{"line":9,"type":"binary-expr","locations":[{"start":{"line":9,"column":11},"end":{"line":9,"column":16}},{"start":{"line":9,"column":20},"end":{"line":9,"column":21}},{"start":{"line":9,"column":25},"end":{"line":9,"column":62}}]},"11":{"line":11,"type":"binary-expr","locations":[{"start":{"line":11,"column":18},"end":{"line":11,"column":22}},{"start":{"line":11,"column":26},"end":{"line":11,"column":41}},{"start":{"line":11,"column":46},"end":{"line":13,"column":1}}]},"12":{"line":12,"type":"if","locations":[{"start":{"line":12,"column":4},"end":{"line":12,"column":4}},{"start":{"line":12,"column":4},"end":{"line":12,"column":4}}]},"13":{"line":12,"type":"binary-expr","locations":[{"start":{"line":12,"column":8},"end":{"line":12,"column":35}},{"start":{"line":12,"column":39},"end":{"line":12,"column":77}}]},"14":{"line":25,"type":"if","locations":[{"start":{"line":25,"column":8},"end":{"line":25,"column":8}},{"start":{"line":25,"column":8},"end":{"line":25,"column":8}}]},"15":{"line":28,"type":"if","locations":[{"start":{"line":28,"column":13},"end":{"line":28,"column":13}},{"start":{"line":28,"column":13},"end":{"line":28,"column":13}}]}},"l":{"5":0,"6":0,"7":0,"8":0,"9":0,"11":0,"12":0,"14":0,"15":0,"16":0,"18":0,"21":0,"22":0,"23":0,"24":0,"25":0,"26":0,"28":0,"29":0,"31":0,"34":0,"69":0}}}
